2026-01-20 11:38:56,658 - INFO - 实验配置: ExperimentConfig(model=ModelConfig(ppg_input_dim=1, prv_input_dim=1, d_model=128, n_heads=8, d_ff=512, ppg_layers=3, prv_layers=2, fusion_layers=2, num_emotions=5, scales=[1, 3, 5, 7], dropout=0.1, max_len=5000, heart_rate_range=(60, 100)), baseline_model=BaselineModelConfig(model_name='lstm', input_dim=1, hidden_dim=64, num_layers=2, num_classes=5, dropout=0.3, kernel_size=3, n_heads=8), training=TrainingConfig(num_epochs=100, batch_size=4, learning_rate=0.001, weight_decay=0.001, k_folds=5, scheduler_factor=0.5, scheduler_patience=30, use_grad_clip=True, max_grad_norm=1.0, train_mode='ppg_regression', task_type='regression', use_emotion=False, seed=42, early_stopping=False, early_stopping_patience=50, use_cosine_annealing=False, cosine_annealing_t0=50, cosine_annealing_tmult=1, cosine_annealing_eta_min=1e-06, smoothing_alpha=0.7), data=DataConfig(data_root='dataset', ppg_dir='PPG', prv_dir='PRV', emotion_categories=['Anxiety', 'Happy', 'Peace', 'Sad', 'Stress'], emotion_label_map={'Anxiety': 0, 'Happy': 1, 'Peace': 2, 'Sad': 3, 'Stress': 4}, selected_emotions=None, target_emotion_for_regression='Anxiety', ppg_seq_len=1800, prv_seq_len=80, samples_per_emotion=90, test_size=0.1, val_size=0.1), log=LogConfig(log_dir='logs', model_save_dir='checkpoints', result_dir='results', log_level='INFO', save_plots=True, print_freq=10, run_dir='logs\\PPGFormer_ppg_regression_Anxiety_100ep_20260120_113856'), ablation=AblationConfig(use_physiological_pe=True, use_multi_scale_conv=True, use_time_freq_attention=True, use_freq_attention=True, use_stress_gating=True, use_cross_modal_attention=True, use_uncertainty_weighting=True, use_dual_stream=True), experiment_name='PPGFormerDualStream', device='cuda', use_baseline_model=False)
2026-01-20 11:38:56,680 - INFO - 开始 5 折交叉验证训练
2026-01-20 11:38:56,680 - INFO - 
===== 第 1/5 折 =====
2026-01-20 11:38:56,681 - INFO - 训练集大小: 72, 验证集大小: 18
2026-01-20 11:39:09,126 - INFO - Epoch 1: Train Loss=196.0652, Val Loss=65.7286, Train MAE=10.8440, Val MAE=6.5131, Train RMSE=14.0023, Val RMSE=8.1073, LR=0.001000
2026-01-20 11:39:17,966 - INFO - Epoch 2: Train Loss=79.9650, Val Loss=28.6847, Train MAE=7.4608, Val MAE=3.9684, Train RMSE=8.9423, Val RMSE=5.3558, LR=0.001000
2026-01-20 11:39:26,784 - INFO - Epoch 3: Train Loss=73.8064, Val Loss=36.2411, Train MAE=6.9516, Val MAE=4.3765, Train RMSE=8.5911, Val RMSE=6.0201, LR=0.001000
2026-01-20 11:39:35,604 - INFO - Epoch 4: Train Loss=60.2793, Val Loss=55.0303, Train MAE=6.4119, Val MAE=6.0191, Train RMSE=7.7640, Val RMSE=7.4182, LR=0.001000
2026-01-20 11:39:44,426 - INFO - Epoch 5: Train Loss=81.5424, Val Loss=66.4525, Train MAE=7.0486, Val MAE=6.2850, Train RMSE=9.0301, Val RMSE=8.1518, LR=0.001000
2026-01-20 11:39:53,233 - INFO - Epoch 6: Train Loss=63.8762, Val Loss=58.9064, Train MAE=6.5991, Val MAE=5.6821, Train RMSE=7.9923, Val RMSE=7.6750, LR=0.001000
2026-01-20 11:40:02,077 - INFO - Epoch 7: Train Loss=54.8073, Val Loss=26.4761, Train MAE=6.3017, Val MAE=4.5118, Train RMSE=7.4032, Val RMSE=5.1455, LR=0.001000
2026-01-20 11:40:10,902 - INFO - Epoch 8: Train Loss=49.7843, Val Loss=26.9789, Train MAE=5.8079, Val MAE=4.0233, Train RMSE=7.0558, Val RMSE=5.1941, LR=0.001000
2026-01-20 11:40:19,720 - INFO - Epoch 9: Train Loss=57.3421, Val Loss=49.6173, Train MAE=6.1202, Val MAE=5.3969, Train RMSE=7.5725, Val RMSE=7.0440, LR=0.001000
2026-01-20 11:40:28,545 - INFO - Epoch 10: Train Loss=58.9792, Val Loss=37.2495, Train MAE=6.1336, Val MAE=4.5284, Train RMSE=7.6798, Val RMSE=6.1032, LR=0.001000
2026-01-20 11:40:37,355 - INFO - Epoch 11: Train Loss=64.4670, Val Loss=27.4170, Train MAE=6.7194, Val MAE=3.8254, Train RMSE=8.0291, Val RMSE=5.2361, LR=0.001000
2026-01-20 11:40:46,189 - INFO - Epoch 12: Train Loss=63.5813, Val Loss=27.0776, Train MAE=6.6368, Val MAE=4.1230, Train RMSE=7.9738, Val RMSE=5.2036, LR=0.001000
2026-01-20 11:40:55,005 - INFO - Epoch 13: Train Loss=47.6203, Val Loss=36.9878, Train MAE=5.8211, Val MAE=4.5852, Train RMSE=6.9007, Val RMSE=6.0818, LR=0.001000
2026-01-20 11:41:03,824 - INFO - Epoch 14: Train Loss=56.4305, Val Loss=29.4973, Train MAE=6.1811, Val MAE=4.2061, Train RMSE=7.5120, Val RMSE=5.4311, LR=0.001000
2026-01-20 11:41:12,644 - INFO - Epoch 15: Train Loss=51.0000, Val Loss=55.0790, Train MAE=5.6504, Val MAE=5.5072, Train RMSE=7.1414, Val RMSE=7.4215, LR=0.001000
2026-01-20 11:41:21,458 - INFO - Epoch 16: Train Loss=48.0582, Val Loss=28.4598, Train MAE=5.7368, Val MAE=4.2120, Train RMSE=6.9324, Val RMSE=5.3348, LR=0.001000
2026-01-20 11:41:30,275 - INFO - Epoch 17: Train Loss=46.5692, Val Loss=58.8566, Train MAE=5.7643, Val MAE=6.3250, Train RMSE=6.8242, Val RMSE=7.6718, LR=0.001000
2026-01-20 11:41:39,092 - INFO - Epoch 18: Train Loss=57.8100, Val Loss=72.6023, Train MAE=6.1027, Val MAE=6.5940, Train RMSE=7.6033, Val RMSE=8.5207, LR=0.001000
2026-01-20 11:41:47,914 - INFO - Epoch 19: Train Loss=36.2875, Val Loss=67.1324, Train MAE=5.1563, Val MAE=6.0604, Train RMSE=6.0239, Val RMSE=8.1934, LR=0.001000
2026-01-20 11:41:56,722 - INFO - Epoch 20: Train Loss=35.1422, Val Loss=98.4582, Train MAE=4.8929, Val MAE=7.8060, Train RMSE=5.9281, Val RMSE=9.9226, LR=0.001000
2026-01-20 11:42:05,536 - INFO - Epoch 21: Train Loss=55.0027, Val Loss=63.5526, Train MAE=6.0057, Val MAE=5.8465, Train RMSE=7.4164, Val RMSE=7.9720, LR=0.001000
2026-01-20 11:42:14,347 - INFO - Epoch 22: Train Loss=45.2150, Val Loss=56.0781, Train MAE=5.6055, Val MAE=5.5563, Train RMSE=6.7242, Val RMSE=7.4885, LR=0.001000
2026-01-20 11:42:23,169 - INFO - Epoch 23: Train Loss=41.1613, Val Loss=70.6819, Train MAE=5.3281, Val MAE=6.8425, Train RMSE=6.4157, Val RMSE=8.4073, LR=0.001000
2026-01-20 11:42:31,986 - INFO - Epoch 24: Train Loss=38.8641, Val Loss=55.5266, Train MAE=4.9173, Val MAE=5.5279, Train RMSE=6.2341, Val RMSE=7.4516, LR=0.001000
2026-01-20 11:42:40,816 - INFO - Epoch 25: Train Loss=36.0701, Val Loss=84.1820, Train MAE=4.8509, Val MAE=6.8822, Train RMSE=6.0058, Val RMSE=9.1751, LR=0.001000
2026-01-20 11:42:49,633 - INFO - Epoch 26: Train Loss=38.7586, Val Loss=71.6229, Train MAE=4.9561, Val MAE=5.9847, Train RMSE=6.2256, Val RMSE=8.4630, LR=0.001000
2026-01-20 11:42:58,446 - INFO - Epoch 27: Train Loss=32.8960, Val Loss=83.0767, Train MAE=4.5623, Val MAE=6.7813, Train RMSE=5.7355, Val RMSE=9.1146, LR=0.001000
2026-01-20 11:43:07,260 - INFO - Epoch 28: Train Loss=35.6763, Val Loss=75.2327, Train MAE=4.7944, Val MAE=6.5094, Train RMSE=5.9730, Val RMSE=8.6737, LR=0.001000
2026-01-20 11:43:16,081 - INFO - Epoch 29: Train Loss=35.4907, Val Loss=74.0156, Train MAE=4.8440, Val MAE=6.9049, Train RMSE=5.9574, Val RMSE=8.6032, LR=0.001000
2026-01-20 11:43:24,894 - INFO - Epoch 30: Train Loss=30.4342, Val Loss=90.2947, Train MAE=4.4060, Val MAE=6.6188, Train RMSE=5.5167, Val RMSE=9.5024, LR=0.001000
2026-01-20 11:43:33,708 - INFO - Epoch 31: Train Loss=42.5702, Val Loss=143.8765, Train MAE=5.2569, Val MAE=8.6161, Train RMSE=6.5246, Val RMSE=11.9949, LR=0.001000
2026-01-20 11:43:42,528 - INFO - Epoch 32: Train Loss=41.5078, Val Loss=65.8847, Train MAE=5.0688, Val MAE=5.9771, Train RMSE=6.4427, Val RMSE=8.1169, LR=0.001000
2026-01-20 11:43:51,336 - INFO - Epoch 33: Train Loss=33.1894, Val Loss=55.5685, Train MAE=4.7457, Val MAE=5.8850, Train RMSE=5.7610, Val RMSE=7.4544, LR=0.001000
2026-01-20 11:44:00,167 - INFO - Epoch 34: Train Loss=33.6243, Val Loss=73.4604, Train MAE=4.6589, Val MAE=6.4256, Train RMSE=5.7986, Val RMSE=8.5709, LR=0.001000
2026-01-20 11:44:08,992 - INFO - Epoch 35: Train Loss=36.2852, Val Loss=68.1687, Train MAE=4.7580, Val MAE=6.2369, Train RMSE=6.0237, Val RMSE=8.2564, LR=0.001000
2026-01-20 11:44:17,796 - INFO - Epoch 36: Train Loss=30.7322, Val Loss=59.3160, Train MAE=4.2583, Val MAE=5.7682, Train RMSE=5.5437, Val RMSE=7.7017, LR=0.001000
2026-01-20 11:44:26,624 - INFO - Epoch 37: Train Loss=31.8677, Val Loss=75.2697, Train MAE=4.5309, Val MAE=7.4390, Train RMSE=5.6451, Val RMSE=8.6758, LR=0.001000
2026-01-20 11:44:35,437 - INFO - Epoch 38: Train Loss=35.5670, Val Loss=49.4890, Train MAE=4.8090, Val MAE=5.3554, Train RMSE=5.9638, Val RMSE=7.0348, LR=0.000500
2026-01-20 11:44:44,274 - INFO - Epoch 39: Train Loss=26.9410, Val Loss=80.5109, Train MAE=4.2004, Val MAE=6.7058, Train RMSE=5.1905, Val RMSE=8.9728, LR=0.000500
2026-01-20 11:44:53,086 - INFO - Epoch 40: Train Loss=29.1803, Val Loss=85.6335, Train MAE=4.3464, Val MAE=7.0902, Train RMSE=5.4019, Val RMSE=9.2538, LR=0.000500
2026-01-20 11:45:01,908 - INFO - Epoch 41: Train Loss=23.2843, Val Loss=72.7931, Train MAE=3.9187, Val MAE=6.4238, Train RMSE=4.8254, Val RMSE=8.5319, LR=0.000500
2026-01-20 11:45:10,722 - INFO - Epoch 42: Train Loss=23.3896, Val Loss=66.9663, Train MAE=3.8153, Val MAE=6.2324, Train RMSE=4.8363, Val RMSE=8.1833, LR=0.000500
2026-01-20 11:45:19,544 - INFO - Epoch 43: Train Loss=25.4363, Val Loss=109.0441, Train MAE=3.8719, Val MAE=7.9474, Train RMSE=5.0434, Val RMSE=10.4424, LR=0.000500
2026-01-20 11:45:28,363 - INFO - Epoch 44: Train Loss=25.0244, Val Loss=66.8846, Train MAE=4.0542, Val MAE=6.1492, Train RMSE=5.0024, Val RMSE=8.1783, LR=0.000500
2026-01-20 11:45:37,200 - INFO - Epoch 45: Train Loss=19.8356, Val Loss=79.6049, Train MAE=3.5462, Val MAE=6.5979, Train RMSE=4.4537, Val RMSE=8.9222, LR=0.000500
2026-01-20 11:45:46,017 - INFO - Epoch 46: Train Loss=21.3994, Val Loss=103.9247, Train MAE=3.6846, Val MAE=7.3234, Train RMSE=4.6259, Val RMSE=10.1943, LR=0.000500
2026-01-20 11:45:54,830 - INFO - Epoch 47: Train Loss=18.4193, Val Loss=66.2697, Train MAE=3.3763, Val MAE=5.4733, Train RMSE=4.2918, Val RMSE=8.1406, LR=0.000500
2026-01-20 11:46:03,655 - INFO - Epoch 48: Train Loss=17.2677, Val Loss=66.8765, Train MAE=3.2982, Val MAE=5.8744, Train RMSE=4.1554, Val RMSE=8.1778, LR=0.000500
2026-01-20 11:46:12,474 - INFO - Epoch 49: Train Loss=21.6667, Val Loss=80.0137, Train MAE=3.7590, Val MAE=6.4918, Train RMSE=4.6547, Val RMSE=8.9450, LR=0.000500
2026-01-20 11:46:21,286 - INFO - Epoch 50: Train Loss=18.0858, Val Loss=99.6380, Train MAE=3.2728, Val MAE=7.3248, Train RMSE=4.2527, Val RMSE=9.9819, LR=0.000500
2026-01-20 11:46:30,106 - INFO - Epoch 51: Train Loss=16.5586, Val Loss=85.4025, Train MAE=3.1271, Val MAE=6.6874, Train RMSE=4.0692, Val RMSE=9.2413, LR=0.000500
2026-01-20 11:46:38,934 - INFO - Epoch 52: Train Loss=17.4002, Val Loss=85.5023, Train MAE=3.1205, Val MAE=7.0876, Train RMSE=4.1714, Val RMSE=9.2467, LR=0.000500
2026-01-20 11:46:47,761 - INFO - Epoch 53: Train Loss=15.1922, Val Loss=110.9916, Train MAE=2.9869, Val MAE=8.0776, Train RMSE=3.8977, Val RMSE=10.5353, LR=0.000500
2026-01-20 11:46:56,575 - INFO - Epoch 54: Train Loss=11.6523, Val Loss=104.3176, Train MAE=2.6269, Val MAE=7.6475, Train RMSE=3.4136, Val RMSE=10.2136, LR=0.000500
2026-01-20 11:47:05,396 - INFO - Epoch 55: Train Loss=14.4180, Val Loss=83.8101, Train MAE=2.8710, Val MAE=6.6604, Train RMSE=3.7971, Val RMSE=9.1548, LR=0.000500
2026-01-20 11:47:14,211 - INFO - Epoch 56: Train Loss=12.8053, Val Loss=106.9556, Train MAE=2.9138, Val MAE=7.2820, Train RMSE=3.5784, Val RMSE=10.3419, LR=0.000500
2026-01-20 11:47:23,024 - INFO - Epoch 57: Train Loss=13.2614, Val Loss=130.3706, Train MAE=2.9588, Val MAE=8.1217, Train RMSE=3.6416, Val RMSE=11.4180, LR=0.000500
2026-01-20 11:47:31,835 - INFO - Epoch 58: Train Loss=13.7736, Val Loss=105.8826, Train MAE=3.0087, Val MAE=7.4318, Train RMSE=3.7113, Val RMSE=10.2899, LR=0.000500
2026-01-20 11:47:40,655 - INFO - Epoch 59: Train Loss=18.8116, Val Loss=94.6591, Train MAE=3.2255, Val MAE=7.4207, Train RMSE=4.3372, Val RMSE=9.7293, LR=0.000500
2026-01-20 11:47:49,471 - INFO - Epoch 60: Train Loss=10.2419, Val Loss=95.4616, Train MAE=2.3886, Val MAE=7.0352, Train RMSE=3.2003, Val RMSE=9.7704, LR=0.000500
2026-01-20 11:47:58,291 - INFO - Epoch 61: Train Loss=15.1310, Val Loss=78.8587, Train MAE=3.1948, Val MAE=6.5867, Train RMSE=3.8899, Val RMSE=8.8802, LR=0.000500
2026-01-20 11:48:07,105 - INFO - Epoch 62: Train Loss=13.0523, Val Loss=72.7162, Train MAE=2.8487, Val MAE=6.1031, Train RMSE=3.6128, Val RMSE=8.5274, LR=0.000500
2026-01-20 11:48:15,916 - INFO - Epoch 63: Train Loss=10.7745, Val Loss=97.7139, Train MAE=2.6080, Val MAE=7.4128, Train RMSE=3.2825, Val RMSE=9.8850, LR=0.000500
2026-01-20 11:48:24,737 - INFO - Epoch 64: Train Loss=14.2507, Val Loss=89.8788, Train MAE=3.0102, Val MAE=6.8562, Train RMSE=3.7750, Val RMSE=9.4804, LR=0.000500
2026-01-20 11:48:33,553 - INFO - Epoch 65: Train Loss=12.7900, Val Loss=91.9178, Train MAE=2.7860, Val MAE=7.0021, Train RMSE=3.5763, Val RMSE=9.5874, LR=0.000500
2026-01-20 11:48:42,364 - INFO - Epoch 66: Train Loss=10.3557, Val Loss=79.2521, Train MAE=2.4127, Val MAE=6.3240, Train RMSE=3.2180, Val RMSE=8.9024, LR=0.000500
2026-01-20 11:48:51,190 - INFO - Epoch 67: Train Loss=9.7771, Val Loss=77.5642, Train MAE=2.2971, Val MAE=6.3168, Train RMSE=3.1268, Val RMSE=8.8071, LR=0.000500
2026-01-20 11:49:00,009 - INFO - Epoch 68: Train Loss=8.3284, Val Loss=87.0846, Train MAE=2.2504, Val MAE=7.3205, Train RMSE=2.8859, Val RMSE=9.3319, LR=0.000500
2026-01-20 11:49:08,825 - INFO - Epoch 69: Train Loss=12.0629, Val Loss=103.9798, Train MAE=2.6401, Val MAE=7.9448, Train RMSE=3.4732, Val RMSE=10.1971, LR=0.000250
2026-01-20 11:49:17,644 - INFO - Epoch 70: Train Loss=8.3013, Val Loss=98.3689, Train MAE=2.3575, Val MAE=7.6318, Train RMSE=2.8812, Val RMSE=9.9181, LR=0.000250
2026-01-20 11:49:26,456 - INFO - Epoch 71: Train Loss=10.5062, Val Loss=96.7395, Train MAE=2.5753, Val MAE=7.2028, Train RMSE=3.2413, Val RMSE=9.8356, LR=0.000250
2026-01-20 11:49:35,273 - INFO - Epoch 72: Train Loss=6.0020, Val Loss=96.5499, Train MAE=1.8182, Val MAE=7.1229, Train RMSE=2.4499, Val RMSE=9.8260, LR=0.000250
2026-01-20 11:49:44,070 - INFO - Epoch 73: Train Loss=7.7485, Val Loss=99.1911, Train MAE=2.0214, Val MAE=7.8083, Train RMSE=2.7836, Val RMSE=9.9595, LR=0.000250
2026-01-20 11:49:52,894 - INFO - Epoch 74: Train Loss=8.4144, Val Loss=88.8916, Train MAE=1.8889, Val MAE=6.8986, Train RMSE=2.9008, Val RMSE=9.4282, LR=0.000250
2026-01-20 11:50:01,698 - INFO - Epoch 75: Train Loss=6.5487, Val Loss=85.3158, Train MAE=2.0382, Val MAE=6.5542, Train RMSE=2.5591, Val RMSE=9.2367, LR=0.000250
2026-01-20 11:50:10,527 - INFO - Epoch 76: Train Loss=8.1170, Val Loss=69.1221, Train MAE=2.1574, Val MAE=5.7429, Train RMSE=2.8490, Val RMSE=8.3140, LR=0.000250
2026-01-20 11:50:19,337 - INFO - Epoch 77: Train Loss=7.7012, Val Loss=95.9714, Train MAE=2.0940, Val MAE=6.9419, Train RMSE=2.7751, Val RMSE=9.7965, LR=0.000250
2026-01-20 11:50:28,163 - INFO - Epoch 78: Train Loss=7.6929, Val Loss=86.2700, Train MAE=2.0347, Val MAE=6.8927, Train RMSE=2.7736, Val RMSE=9.2882, LR=0.000250
2026-01-20 11:50:36,983 - INFO - Epoch 79: Train Loss=6.7495, Val Loss=88.2769, Train MAE=2.0719, Val MAE=7.0061, Train RMSE=2.5980, Val RMSE=9.3956, LR=0.000250
2026-01-20 11:50:45,793 - INFO - Epoch 80: Train Loss=5.7960, Val Loss=81.2853, Train MAE=1.7896, Val MAE=6.4263, Train RMSE=2.4075, Val RMSE=9.0158, LR=0.000250
2026-01-20 11:50:54,603 - INFO - Epoch 81: Train Loss=6.3285, Val Loss=82.9916, Train MAE=1.8120, Val MAE=6.6995, Train RMSE=2.5156, Val RMSE=9.1100, LR=0.000250
2026-01-20 11:51:03,410 - INFO - Epoch 82: Train Loss=7.0735, Val Loss=78.4108, Train MAE=2.0400, Val MAE=6.3149, Train RMSE=2.6596, Val RMSE=8.8550, LR=0.000250
2026-01-20 11:51:12,226 - INFO - Epoch 83: Train Loss=7.3913, Val Loss=72.9891, Train MAE=2.1337, Val MAE=5.9539, Train RMSE=2.7187, Val RMSE=8.5434, LR=0.000250
2026-01-20 11:51:21,044 - INFO - Epoch 84: Train Loss=7.9155, Val Loss=91.5057, Train MAE=2.1872, Val MAE=7.1003, Train RMSE=2.8134, Val RMSE=9.5659, LR=0.000250
2026-01-20 11:51:29,859 - INFO - Epoch 85: Train Loss=6.5551, Val Loss=85.7046, Train MAE=1.9427, Val MAE=6.7336, Train RMSE=2.5603, Val RMSE=9.2577, LR=0.000250
2026-01-20 11:51:38,670 - INFO - Epoch 86: Train Loss=5.0798, Val Loss=94.2172, Train MAE=1.7731, Val MAE=7.2647, Train RMSE=2.2538, Val RMSE=9.7066, LR=0.000250
2026-01-20 11:51:47,481 - INFO - Epoch 87: Train Loss=5.7506, Val Loss=82.1452, Train MAE=1.7871, Val MAE=6.5248, Train RMSE=2.3980, Val RMSE=9.0634, LR=0.000250
2026-01-20 11:51:56,309 - INFO - Epoch 88: Train Loss=6.9206, Val Loss=107.0926, Train MAE=1.9057, Val MAE=7.8517, Train RMSE=2.6307, Val RMSE=10.3486, LR=0.000250
2026-01-20 11:52:05,137 - INFO - Epoch 89: Train Loss=6.5063, Val Loss=89.5847, Train MAE=2.0205, Val MAE=7.0600, Train RMSE=2.5507, Val RMSE=9.4649, LR=0.000250
2026-01-20 11:52:13,957 - INFO - Epoch 90: Train Loss=4.4018, Val Loss=102.3746, Train MAE=1.6671, Val MAE=7.6067, Train RMSE=2.0981, Val RMSE=10.1180, LR=0.000250
2026-01-20 11:52:22,780 - INFO - Epoch 91: Train Loss=7.2166, Val Loss=86.3842, Train MAE=2.0869, Val MAE=6.8944, Train RMSE=2.6864, Val RMSE=9.2943, LR=0.000250
2026-01-20 11:52:31,597 - INFO - Epoch 92: Train Loss=6.8107, Val Loss=90.5017, Train MAE=1.8932, Val MAE=7.2483, Train RMSE=2.6097, Val RMSE=9.5132, LR=0.000250
2026-01-20 11:52:40,416 - INFO - Epoch 93: Train Loss=5.4326, Val Loss=88.4436, Train MAE=1.6511, Val MAE=7.0227, Train RMSE=2.3308, Val RMSE=9.4044, LR=0.000250
2026-01-20 11:52:49,230 - INFO - Epoch 94: Train Loss=4.5897, Val Loss=83.4413, Train MAE=1.4605, Val MAE=6.6979, Train RMSE=2.1424, Val RMSE=9.1346, LR=0.000250
2026-01-20 11:52:58,046 - INFO - Epoch 95: Train Loss=4.4309, Val Loss=83.2630, Train MAE=1.6336, Val MAE=6.5263, Train RMSE=2.1050, Val RMSE=9.1249, LR=0.000250
2026-01-20 11:53:06,875 - INFO - Epoch 96: Train Loss=6.9374, Val Loss=81.7509, Train MAE=1.7844, Val MAE=6.5065, Train RMSE=2.6339, Val RMSE=9.0416, LR=0.000250
2026-01-20 11:53:15,702 - INFO - Epoch 97: Train Loss=4.6878, Val Loss=82.2861, Train MAE=1.5922, Val MAE=6.4846, Train RMSE=2.1651, Val RMSE=9.0712, LR=0.000250
2026-01-20 11:53:24,529 - INFO - Epoch 98: Train Loss=6.5201, Val Loss=78.0388, Train MAE=1.6889, Val MAE=6.2210, Train RMSE=2.5535, Val RMSE=8.8340, LR=0.000250
2026-01-20 11:53:33,348 - INFO - Epoch 99: Train Loss=3.8059, Val Loss=77.8850, Train MAE=1.4579, Val MAE=6.5997, Train RMSE=1.9509, Val RMSE=8.8253, LR=0.000250
2026-01-20 11:53:42,168 - INFO - Epoch 100: Train Loss=6.5792, Val Loss=69.8553, Train MAE=1.7683, Val MAE=6.3161, Train RMSE=2.5650, Val RMSE=8.3580, LR=0.000125
2026-01-20 11:53:42,182 - INFO - 已加载最佳模型
2026-01-20 11:53:42,552 - INFO - 第 1 折结果 - Val Loss: 26.4761, MAE: 4.5118, RMSE: 5.1455
2026-01-20 11:53:42,552 - INFO - 
===== 第 2/5 折 =====
2026-01-20 11:53:42,553 - INFO - 训练集大小: 72, 验证集大小: 18
2026-01-20 11:53:51,756 - INFO - Epoch 1: Train Loss=237.8658, Val Loss=208.2933, Train MAE=11.2159, Val MAE=11.1219, Train RMSE=15.4229, Val RMSE=14.4324, LR=0.001000
2026-01-20 11:54:00,913 - INFO - Epoch 2: Train Loss=89.0044, Val Loss=63.4299, Train MAE=7.7194, Val MAE=6.7223, Train RMSE=9.4342, Val RMSE=7.9643, LR=0.001000
2026-01-20 11:54:10,090 - INFO - Epoch 3: Train Loss=46.5710, Val Loss=60.0506, Train MAE=5.7263, Val MAE=6.3740, Train RMSE=6.8243, Val RMSE=7.7492, LR=0.001000
2026-01-20 11:54:19,256 - INFO - Epoch 4: Train Loss=54.4897, Val Loss=97.9262, Train MAE=6.0283, Val MAE=7.4641, Train RMSE=7.3817, Val RMSE=9.8958, LR=0.001000
2026-01-20 11:54:28,414 - INFO - Epoch 5: Train Loss=48.7010, Val Loss=62.1776, Train MAE=5.5887, Val MAE=6.5529, Train RMSE=6.9786, Val RMSE=7.8853, LR=0.001000
2026-01-20 11:54:37,577 - INFO - Epoch 6: Train Loss=44.4028, Val Loss=66.5374, Train MAE=5.4663, Val MAE=6.8028, Train RMSE=6.6635, Val RMSE=8.1570, LR=0.001000
2026-01-20 11:54:46,728 - INFO - Epoch 7: Train Loss=45.1125, Val Loss=95.3333, Train MAE=5.4691, Val MAE=8.4587, Train RMSE=6.7166, Val RMSE=9.7639, LR=0.001000
2026-01-20 11:54:55,891 - INFO - Epoch 8: Train Loss=47.5494, Val Loss=75.2582, Train MAE=5.4125, Val MAE=7.5317, Train RMSE=6.8956, Val RMSE=8.6751, LR=0.001000
2026-01-20 11:55:05,053 - INFO - Epoch 9: Train Loss=56.8073, Val Loss=106.8326, Train MAE=6.4858, Val MAE=9.0941, Train RMSE=7.5371, Val RMSE=10.3360, LR=0.001000
2026-01-20 11:55:14,202 - INFO - Epoch 10: Train Loss=56.1322, Val Loss=68.0453, Train MAE=5.8853, Val MAE=6.6897, Train RMSE=7.4921, Val RMSE=8.2490, LR=0.001000
2026-01-20 11:55:23,369 - INFO - Epoch 11: Train Loss=50.7996, Val Loss=74.4106, Train MAE=5.5923, Val MAE=7.3290, Train RMSE=7.1274, Val RMSE=8.6262, LR=0.001000
2026-01-20 11:55:32,515 - INFO - Epoch 12: Train Loss=41.4539, Val Loss=62.7476, Train MAE=5.2975, Val MAE=6.8730, Train RMSE=6.4385, Val RMSE=7.9213, LR=0.001000
2026-01-20 11:55:41,689 - INFO - Epoch 13: Train Loss=42.4355, Val Loss=58.0260, Train MAE=5.2795, Val MAE=6.4666, Train RMSE=6.5143, Val RMSE=7.6175, LR=0.001000
2026-01-20 11:55:50,865 - INFO - Epoch 14: Train Loss=43.5098, Val Loss=63.3473, Train MAE=5.2801, Val MAE=6.8157, Train RMSE=6.5962, Val RMSE=7.9591, LR=0.001000
2026-01-20 11:56:00,030 - INFO - Epoch 15: Train Loss=42.9173, Val Loss=75.1767, Train MAE=5.3963, Val MAE=7.5807, Train RMSE=6.5511, Val RMSE=8.6704, LR=0.001000
2026-01-20 11:56:09,191 - INFO - Epoch 16: Train Loss=37.3166, Val Loss=62.7997, Train MAE=5.0132, Val MAE=6.6213, Train RMSE=6.1087, Val RMSE=7.9246, LR=0.001000
2026-01-20 11:56:18,355 - INFO - Epoch 17: Train Loss=40.9226, Val Loss=91.5359, Train MAE=5.2958, Val MAE=8.2731, Train RMSE=6.3971, Val RMSE=9.5674, LR=0.001000
2026-01-20 11:56:27,512 - INFO - Epoch 18: Train Loss=49.7253, Val Loss=59.7597, Train MAE=5.5644, Val MAE=6.5041, Train RMSE=7.0516, Val RMSE=7.7304, LR=0.001000
2026-01-20 11:56:36,666 - INFO - Epoch 19: Train Loss=40.5479, Val Loss=109.7214, Train MAE=5.4971, Val MAE=9.2129, Train RMSE=6.3677, Val RMSE=10.4748, LR=0.001000
2026-01-20 11:56:45,818 - INFO - Epoch 20: Train Loss=42.7316, Val Loss=57.1527, Train MAE=5.3333, Val MAE=6.4750, Train RMSE=6.5369, Val RMSE=7.5599, LR=0.001000
2026-01-20 11:56:54,973 - INFO - Epoch 21: Train Loss=39.3584, Val Loss=56.7174, Train MAE=5.3188, Val MAE=6.6602, Train RMSE=6.2736, Val RMSE=7.5311, LR=0.001000
2026-01-20 11:57:04,126 - INFO - Epoch 22: Train Loss=38.9841, Val Loss=64.9891, Train MAE=5.0919, Val MAE=6.8158, Train RMSE=6.2437, Val RMSE=8.0616, LR=0.001000
2026-01-20 11:57:13,295 - INFO - Epoch 23: Train Loss=37.2687, Val Loss=69.3559, Train MAE=4.9710, Val MAE=7.0687, Train RMSE=6.1048, Val RMSE=8.3280, LR=0.001000
2026-01-20 11:57:22,448 - INFO - Epoch 24: Train Loss=39.7947, Val Loss=71.9792, Train MAE=5.0956, Val MAE=6.9662, Train RMSE=6.3083, Val RMSE=8.4841, LR=0.001000
2026-01-20 11:57:31,613 - INFO - Epoch 25: Train Loss=47.2594, Val Loss=64.3636, Train MAE=5.5826, Val MAE=6.6181, Train RMSE=6.8745, Val RMSE=8.0227, LR=0.001000
2026-01-20 11:57:40,767 - INFO - Epoch 26: Train Loss=36.3130, Val Loss=91.0620, Train MAE=4.7856, Val MAE=7.9378, Train RMSE=6.0260, Val RMSE=9.5426, LR=0.001000
2026-01-20 11:57:49,917 - INFO - Epoch 27: Train Loss=41.7042, Val Loss=93.6186, Train MAE=5.2666, Val MAE=7.7349, Train RMSE=6.4579, Val RMSE=9.6757, LR=0.001000
2026-01-20 11:57:59,073 - INFO - Epoch 28: Train Loss=35.1996, Val Loss=99.8160, Train MAE=4.9045, Val MAE=7.9954, Train RMSE=5.9329, Val RMSE=9.9908, LR=0.001000
2026-01-20 11:58:08,230 - INFO - Epoch 29: Train Loss=24.9202, Val Loss=84.2308, Train MAE=4.0603, Val MAE=7.7280, Train RMSE=4.9920, Val RMSE=9.1777, LR=0.001000
2026-01-20 11:58:17,387 - INFO - Epoch 30: Train Loss=23.6972, Val Loss=81.7509, Train MAE=3.8421, Val MAE=7.6944, Train RMSE=4.8680, Val RMSE=9.0416, LR=0.001000
2026-01-20 11:58:26,543 - INFO - Epoch 31: Train Loss=25.6345, Val Loss=58.7066, Train MAE=3.9439, Val MAE=6.1302, Train RMSE=5.0631, Val RMSE=7.6620, LR=0.001000
2026-01-20 11:58:35,698 - INFO - Epoch 32: Train Loss=24.0565, Val Loss=87.0215, Train MAE=3.7628, Val MAE=7.3392, Train RMSE=4.9047, Val RMSE=9.3285, LR=0.001000
2026-01-20 11:58:44,850 - INFO - Epoch 33: Train Loss=22.1374, Val Loss=79.0287, Train MAE=3.6529, Val MAE=7.3391, Train RMSE=4.7050, Val RMSE=8.8898, LR=0.001000
2026-01-20 11:58:53,996 - INFO - Epoch 34: Train Loss=19.7286, Val Loss=90.2431, Train MAE=3.6837, Val MAE=8.0478, Train RMSE=4.4417, Val RMSE=9.4996, LR=0.001000
2026-01-20 11:59:03,152 - INFO - Epoch 35: Train Loss=21.0442, Val Loss=75.5888, Train MAE=3.8082, Val MAE=7.1681, Train RMSE=4.5874, Val RMSE=8.6942, LR=0.001000
2026-01-20 11:59:12,310 - INFO - Epoch 36: Train Loss=23.3736, Val Loss=60.7653, Train MAE=3.9528, Val MAE=6.7470, Train RMSE=4.8346, Val RMSE=7.7952, LR=0.001000
2026-01-20 11:59:21,457 - INFO - Epoch 37: Train Loss=23.7322, Val Loss=69.8339, Train MAE=3.8452, Val MAE=7.1064, Train RMSE=4.8716, Val RMSE=8.3567, LR=0.001000
2026-01-20 11:59:30,610 - INFO - Epoch 38: Train Loss=13.0373, Val Loss=82.5517, Train MAE=2.7749, Val MAE=7.6957, Train RMSE=3.6107, Val RMSE=9.0858, LR=0.001000
2026-01-20 11:59:39,764 - INFO - Epoch 39: Train Loss=18.2970, Val Loss=88.1966, Train MAE=3.5229, Val MAE=7.5302, Train RMSE=4.2775, Val RMSE=9.3913, LR=0.001000
2026-01-20 11:59:48,919 - INFO - Epoch 40: Train Loss=23.5605, Val Loss=121.6026, Train MAE=3.7763, Val MAE=8.8326, Train RMSE=4.8539, Val RMSE=11.0274, LR=0.001000
2026-01-20 11:59:58,059 - INFO - Epoch 41: Train Loss=15.6333, Val Loss=107.6814, Train MAE=3.1828, Val MAE=8.4158, Train RMSE=3.9539, Val RMSE=10.3770, LR=0.001000
2026-01-20 12:00:07,225 - INFO - Epoch 42: Train Loss=12.0508, Val Loss=80.9023, Train MAE=2.7608, Val MAE=7.1690, Train RMSE=3.4714, Val RMSE=8.9946, LR=0.001000
2026-01-20 12:00:16,375 - INFO - Epoch 43: Train Loss=12.5794, Val Loss=67.2447, Train MAE=2.7870, Val MAE=6.6087, Train RMSE=3.5467, Val RMSE=8.2003, LR=0.001000
2026-01-20 12:00:25,525 - INFO - Epoch 44: Train Loss=12.1284, Val Loss=74.2244, Train MAE=2.5934, Val MAE=7.1932, Train RMSE=3.4826, Val RMSE=8.6154, LR=0.000500
2026-01-20 12:00:34,690 - INFO - Epoch 45: Train Loss=12.1500, Val Loss=68.9086, Train MAE=2.6310, Val MAE=6.9987, Train RMSE=3.4857, Val RMSE=8.3011, LR=0.000500
2026-01-20 12:00:43,851 - INFO - Epoch 46: Train Loss=5.7341, Val Loss=72.9062, Train MAE=1.7779, Val MAE=7.2906, Train RMSE=2.3946, Val RMSE=8.5385, LR=0.000500
2026-01-20 12:00:52,999 - INFO - Epoch 47: Train Loss=8.6365, Val Loss=66.9761, Train MAE=2.1460, Val MAE=7.1153, Train RMSE=2.9388, Val RMSE=8.1839, LR=0.000500
2026-01-20 12:01:02,156 - INFO - Epoch 48: Train Loss=7.0012, Val Loss=82.6029, Train MAE=2.0048, Val MAE=7.7722, Train RMSE=2.6460, Val RMSE=9.0886, LR=0.000500
2026-01-20 12:01:11,318 - INFO - Epoch 49: Train Loss=10.0792, Val Loss=90.0389, Train MAE=2.5255, Val MAE=8.0142, Train RMSE=3.1748, Val RMSE=9.4889, LR=0.000500
2026-01-20 12:01:20,471 - INFO - Epoch 50: Train Loss=7.3876, Val Loss=73.6707, Train MAE=2.1713, Val MAE=7.3128, Train RMSE=2.7180, Val RMSE=8.5832, LR=0.000500
2026-01-20 12:01:29,622 - INFO - Epoch 51: Train Loss=7.2838, Val Loss=86.8331, Train MAE=2.0751, Val MAE=7.7810, Train RMSE=2.6988, Val RMSE=9.3184, LR=0.000500
2026-01-20 12:01:38,782 - INFO - Epoch 52: Train Loss=7.1674, Val Loss=79.2406, Train MAE=2.0763, Val MAE=7.3804, Train RMSE=2.6772, Val RMSE=8.9017, LR=0.000500
2026-01-20 12:01:47,932 - INFO - Epoch 53: Train Loss=5.9717, Val Loss=76.7026, Train MAE=1.7981, Val MAE=7.2224, Train RMSE=2.4437, Val RMSE=8.7580, LR=0.000500
2026-01-20 12:01:57,086 - INFO - Epoch 54: Train Loss=6.0032, Val Loss=76.2408, Train MAE=1.8947, Val MAE=7.0691, Train RMSE=2.4502, Val RMSE=8.7316, LR=0.000500
2026-01-20 12:02:06,251 - INFO - Epoch 55: Train Loss=6.8854, Val Loss=80.8507, Train MAE=2.0953, Val MAE=7.4394, Train RMSE=2.6240, Val RMSE=8.9917, LR=0.000500
2026-01-20 12:02:15,405 - INFO - Epoch 56: Train Loss=5.8617, Val Loss=76.2407, Train MAE=1.9298, Val MAE=7.1855, Train RMSE=2.4211, Val RMSE=8.7316, LR=0.000500
2026-01-20 12:02:24,568 - INFO - Epoch 57: Train Loss=6.3073, Val Loss=74.8617, Train MAE=1.8813, Val MAE=7.0384, Train RMSE=2.5114, Val RMSE=8.6523, LR=0.000500
2026-01-20 12:02:33,729 - INFO - Epoch 58: Train Loss=5.4929, Val Loss=67.4439, Train MAE=1.8041, Val MAE=7.0505, Train RMSE=2.3437, Val RMSE=8.2124, LR=0.000500
2026-01-20 12:02:42,883 - INFO - Epoch 59: Train Loss=5.4516, Val Loss=73.5229, Train MAE=1.7055, Val MAE=7.2508, Train RMSE=2.3349, Val RMSE=8.5745, LR=0.000500
2026-01-20 12:02:52,024 - INFO - Epoch 60: Train Loss=6.5029, Val Loss=73.5235, Train MAE=1.9910, Val MAE=7.2951, Train RMSE=2.5501, Val RMSE=8.5746, LR=0.000500
2026-01-20 12:03:01,192 - INFO - Epoch 61: Train Loss=4.6370, Val Loss=64.5054, Train MAE=1.6889, Val MAE=6.7993, Train RMSE=2.1534, Val RMSE=8.0315, LR=0.000500
2026-01-20 12:03:10,347 - INFO - Epoch 62: Train Loss=3.2235, Val Loss=67.0900, Train MAE=1.3742, Val MAE=7.0519, Train RMSE=1.7954, Val RMSE=8.1908, LR=0.000500
2026-01-20 12:03:19,502 - INFO - Epoch 63: Train Loss=4.7011, Val Loss=60.5856, Train MAE=1.5802, Val MAE=6.4926, Train RMSE=2.1682, Val RMSE=7.7837, LR=0.000500
2026-01-20 12:03:28,655 - INFO - Epoch 64: Train Loss=5.2554, Val Loss=61.2206, Train MAE=1.7430, Val MAE=6.4649, Train RMSE=2.2925, Val RMSE=7.8244, LR=0.000500
2026-01-20 12:03:37,818 - INFO - Epoch 65: Train Loss=6.4037, Val Loss=71.8322, Train MAE=2.0631, Val MAE=7.1928, Train RMSE=2.5305, Val RMSE=8.4754, LR=0.000500
2026-01-20 12:03:46,976 - INFO - Epoch 66: Train Loss=3.9473, Val Loss=62.0189, Train MAE=1.5455, Val MAE=6.5942, Train RMSE=1.9868, Val RMSE=7.8752, LR=0.000500
2026-01-20 12:03:56,135 - INFO - Epoch 67: Train Loss=5.2771, Val Loss=63.1001, Train MAE=1.7700, Val MAE=6.8359, Train RMSE=2.2972, Val RMSE=7.9436, LR=0.000500
2026-01-20 12:04:05,299 - INFO - Epoch 68: Train Loss=4.5439, Val Loss=65.6530, Train MAE=1.6473, Val MAE=7.0121, Train RMSE=2.1316, Val RMSE=8.1027, LR=0.000500
2026-01-20 12:04:14,452 - INFO - Epoch 69: Train Loss=3.8809, Val Loss=66.3894, Train MAE=1.4975, Val MAE=7.0641, Train RMSE=1.9700, Val RMSE=8.1480, LR=0.000500
2026-01-20 12:04:23,609 - INFO - Epoch 70: Train Loss=3.5742, Val Loss=61.2441, Train MAE=1.3475, Val MAE=6.9285, Train RMSE=1.8905, Val RMSE=7.8259, LR=0.000500
2026-01-20 12:04:32,765 - INFO - Epoch 71: Train Loss=3.1593, Val Loss=67.5602, Train MAE=1.4306, Val MAE=7.1053, Train RMSE=1.7775, Val RMSE=8.2195, LR=0.000500
2026-01-20 12:04:41,919 - INFO - Epoch 72: Train Loss=4.3763, Val Loss=60.3630, Train MAE=1.6076, Val MAE=6.6498, Train RMSE=2.0920, Val RMSE=7.7694, LR=0.000500
2026-01-20 12:04:51,073 - INFO - Epoch 73: Train Loss=4.0663, Val Loss=66.8513, Train MAE=1.3961, Val MAE=6.9393, Train RMSE=2.0165, Val RMSE=8.1763, LR=0.000500
2026-01-20 12:05:00,241 - INFO - Epoch 74: Train Loss=3.3153, Val Loss=70.2643, Train MAE=1.3496, Val MAE=7.1602, Train RMSE=1.8208, Val RMSE=8.3824, LR=0.000500
2026-01-20 12:05:09,405 - INFO - Epoch 75: Train Loss=3.4180, Val Loss=79.7757, Train MAE=1.4655, Val MAE=7.5519, Train RMSE=1.8488, Val RMSE=8.9317, LR=0.000250
2026-01-20 12:05:18,557 - INFO - Epoch 76: Train Loss=3.6232, Val Loss=65.6300, Train MAE=1.4784, Val MAE=6.9545, Train RMSE=1.9035, Val RMSE=8.1012, LR=0.000250
2026-01-20 12:05:27,712 - INFO - Epoch 77: Train Loss=2.0351, Val Loss=68.0266, Train MAE=1.1647, Val MAE=7.1909, Train RMSE=1.4266, Val RMSE=8.2478, LR=0.000250
2026-01-20 12:05:36,860 - INFO - Epoch 78: Train Loss=2.6323, Val Loss=69.3412, Train MAE=1.2648, Val MAE=7.1913, Train RMSE=1.6224, Val RMSE=8.3271, LR=0.000250
2026-01-20 12:05:46,011 - INFO - Epoch 79: Train Loss=2.3163, Val Loss=65.5085, Train MAE=1.1416, Val MAE=7.0894, Train RMSE=1.5219, Val RMSE=8.0937, LR=0.000250
2026-01-20 12:05:55,165 - INFO - Epoch 80: Train Loss=2.2040, Val Loss=66.4044, Train MAE=1.1661, Val MAE=7.2479, Train RMSE=1.4846, Val RMSE=8.1489, LR=0.000250
2026-01-20 12:06:04,318 - INFO - Epoch 81: Train Loss=2.2289, Val Loss=64.5767, Train MAE=1.1044, Val MAE=7.0006, Train RMSE=1.4929, Val RMSE=8.0360, LR=0.000250
2026-01-20 12:06:13,481 - INFO - Epoch 82: Train Loss=1.9181, Val Loss=65.3342, Train MAE=1.0692, Val MAE=6.9768, Train RMSE=1.3849, Val RMSE=8.0830, LR=0.000250
2026-01-20 12:06:22,631 - INFO - Epoch 83: Train Loss=2.9342, Val Loss=67.1063, Train MAE=1.2583, Val MAE=7.0974, Train RMSE=1.7129, Val RMSE=8.1918, LR=0.000250
2026-01-20 12:06:31,779 - INFO - Epoch 84: Train Loss=2.7571, Val Loss=65.3939, Train MAE=1.1580, Val MAE=7.0944, Train RMSE=1.6605, Val RMSE=8.0866, LR=0.000250
2026-01-20 12:06:40,932 - INFO - Epoch 85: Train Loss=2.1841, Val Loss=65.7129, Train MAE=1.1756, Val MAE=7.1510, Train RMSE=1.4779, Val RMSE=8.1063, LR=0.000250
2026-01-20 12:06:50,074 - INFO - Epoch 86: Train Loss=2.1284, Val Loss=69.8946, Train MAE=1.1130, Val MAE=7.3699, Train RMSE=1.4589, Val RMSE=8.3603, LR=0.000250
2026-01-20 12:06:59,229 - INFO - Epoch 87: Train Loss=1.9031, Val Loss=69.5728, Train MAE=1.0621, Val MAE=7.2953, Train RMSE=1.3795, Val RMSE=8.3410, LR=0.000250
2026-01-20 12:07:08,389 - INFO - Epoch 88: Train Loss=2.5662, Val Loss=67.1994, Train MAE=1.2662, Val MAE=7.2099, Train RMSE=1.6019, Val RMSE=8.1975, LR=0.000250
2026-01-20 12:07:17,549 - INFO - Epoch 89: Train Loss=2.0522, Val Loss=66.5331, Train MAE=1.0611, Val MAE=7.1014, Train RMSE=1.4326, Val RMSE=8.1568, LR=0.000250
2026-01-20 12:07:26,687 - INFO - Epoch 90: Train Loss=1.8886, Val Loss=66.8999, Train MAE=1.0402, Val MAE=7.0410, Train RMSE=1.3742, Val RMSE=8.1792, LR=0.000250
2026-01-20 12:07:35,855 - INFO - Epoch 91: Train Loss=2.1059, Val Loss=64.9326, Train MAE=1.1434, Val MAE=6.9615, Train RMSE=1.4512, Val RMSE=8.0581, LR=0.000250
2026-01-20 12:07:45,021 - INFO - Epoch 92: Train Loss=2.0063, Val Loss=66.3643, Train MAE=1.0923, Val MAE=7.1429, Train RMSE=1.4164, Val RMSE=8.1464, LR=0.000250
2026-01-20 12:07:54,174 - INFO - Epoch 93: Train Loss=3.2916, Val Loss=67.6019, Train MAE=1.4209, Val MAE=7.1495, Train RMSE=1.8143, Val RMSE=8.2220, LR=0.000250
2026-01-20 12:08:03,326 - INFO - Epoch 94: Train Loss=2.7529, Val Loss=61.9159, Train MAE=1.2821, Val MAE=6.9024, Train RMSE=1.6592, Val RMSE=7.8687, LR=0.000250
2026-01-20 12:08:12,485 - INFO - Epoch 95: Train Loss=2.8231, Val Loss=67.0896, Train MAE=1.3311, Val MAE=7.1216, Train RMSE=1.6802, Val RMSE=8.1908, LR=0.000250
2026-01-20 12:08:21,634 - INFO - Epoch 96: Train Loss=2.6397, Val Loss=62.6148, Train MAE=1.2050, Val MAE=6.9928, Train RMSE=1.6247, Val RMSE=7.9130, LR=0.000250
2026-01-20 12:08:30,790 - INFO - Epoch 97: Train Loss=2.1338, Val Loss=63.8751, Train MAE=1.1704, Val MAE=7.0378, Train RMSE=1.4608, Val RMSE=7.9922, LR=0.000250
2026-01-20 12:08:39,941 - INFO - Epoch 98: Train Loss=1.9569, Val Loss=65.7815, Train MAE=1.1156, Val MAE=7.2391, Train RMSE=1.3989, Val RMSE=8.1106, LR=0.000250
2026-01-20 12:08:49,091 - INFO - Epoch 99: Train Loss=1.4685, Val Loss=66.0899, Train MAE=0.9711, Val MAE=7.0690, Train RMSE=1.2118, Val RMSE=8.1296, LR=0.000250
2026-01-20 12:08:58,249 - INFO - Epoch 100: Train Loss=2.1883, Val Loss=66.9887, Train MAE=1.1219, Val MAE=7.1590, Train RMSE=1.4793, Val RMSE=8.1847, LR=0.000250
2026-01-20 12:08:58,259 - INFO - 已加载最佳模型
2026-01-20 12:08:58,626 - INFO - 第 2 折结果 - Val Loss: 58.0260, MAE: 6.4666, RMSE: 7.6175
2026-01-20 12:08:58,626 - INFO - 
===== 第 3/5 折 =====
2026-01-20 12:08:58,627 - INFO - 训练集大小: 72, 验证集大小: 18
2026-01-20 12:09:07,832 - INFO - Epoch 1: Train Loss=218.6121, Val Loss=85.9190, Train MAE=10.3446, Val MAE=7.2128, Train RMSE=14.7855, Val RMSE=9.2692, LR=0.001000
2026-01-20 12:09:16,979 - INFO - Epoch 2: Train Loss=62.1488, Val Loss=46.7184, Train MAE=6.3457, Val MAE=5.2924, Train RMSE=7.8835, Val RMSE=6.8351, LR=0.001000
2026-01-20 12:09:26,129 - INFO - Epoch 3: Train Loss=65.5860, Val Loss=73.1141, Train MAE=6.6794, Val MAE=7.7014, Train RMSE=8.0985, Val RMSE=8.5507, LR=0.001000
2026-01-20 12:09:35,289 - INFO - Epoch 4: Train Loss=63.8179, Val Loss=109.0694, Train MAE=6.2626, Val MAE=9.2525, Train RMSE=7.9886, Val RMSE=10.4436, LR=0.001000
2026-01-20 12:09:44,447 - INFO - Epoch 5: Train Loss=60.1030, Val Loss=81.5336, Train MAE=6.4414, Val MAE=7.8990, Train RMSE=7.7526, Val RMSE=9.0296, LR=0.001000
2026-01-20 12:09:53,596 - INFO - Epoch 6: Train Loss=57.9724, Val Loss=61.2061, Train MAE=6.1517, Val MAE=6.2327, Train RMSE=7.6140, Val RMSE=7.8234, LR=0.001000
2026-01-20 12:10:02,746 - INFO - Epoch 7: Train Loss=64.2981, Val Loss=53.6259, Train MAE=6.4050, Val MAE=6.3070, Train RMSE=8.0186, Val RMSE=7.3230, LR=0.001000
2026-01-20 12:10:11,909 - INFO - Epoch 8: Train Loss=45.1300, Val Loss=64.3170, Train MAE=5.5199, Val MAE=5.6420, Train RMSE=6.7179, Val RMSE=8.0198, LR=0.001000
2026-01-20 12:10:21,062 - INFO - Epoch 9: Train Loss=52.7245, Val Loss=68.7531, Train MAE=5.9745, Val MAE=6.2569, Train RMSE=7.2612, Val RMSE=8.2917, LR=0.001000
2026-01-20 12:10:30,217 - INFO - Epoch 10: Train Loss=57.4129, Val Loss=52.2720, Train MAE=6.2686, Val MAE=5.5747, Train RMSE=7.5771, Val RMSE=7.2299, LR=0.001000
2026-01-20 12:10:39,366 - INFO - Epoch 11: Train Loss=47.9199, Val Loss=49.3792, Train MAE=5.6532, Val MAE=6.1749, Train RMSE=6.9224, Val RMSE=7.0270, LR=0.001000
2026-01-20 12:10:48,522 - INFO - Epoch 12: Train Loss=51.1868, Val Loss=56.5786, Train MAE=5.8696, Val MAE=5.5437, Train RMSE=7.1545, Val RMSE=7.5219, LR=0.001000
2026-01-20 12:10:57,676 - INFO - Epoch 13: Train Loss=40.7160, Val Loss=48.7111, Train MAE=5.3149, Val MAE=5.8609, Train RMSE=6.3809, Val RMSE=6.9793, LR=0.001000
2026-01-20 12:11:06,843 - INFO - Epoch 14: Train Loss=50.8110, Val Loss=67.0961, Train MAE=6.0225, Val MAE=7.1695, Train RMSE=7.1282, Val RMSE=8.1912, LR=0.001000
2026-01-20 12:11:16,001 - INFO - Epoch 15: Train Loss=42.8384, Val Loss=55.7738, Train MAE=5.4236, Val MAE=6.4822, Train RMSE=6.5451, Val RMSE=7.4682, LR=0.001000
2026-01-20 12:11:25,161 - INFO - Epoch 16: Train Loss=41.0804, Val Loss=60.0975, Train MAE=5.1741, Val MAE=6.4156, Train RMSE=6.4094, Val RMSE=7.7523, LR=0.001000
2026-01-20 12:11:34,322 - INFO - Epoch 17: Train Loss=36.5715, Val Loss=60.5145, Train MAE=4.7476, Val MAE=6.8517, Train RMSE=6.0474, Val RMSE=7.7791, LR=0.001000
2026-01-20 12:11:43,477 - INFO - Epoch 18: Train Loss=31.8503, Val Loss=76.4443, Train MAE=4.5824, Val MAE=7.5424, Train RMSE=5.6436, Val RMSE=8.7432, LR=0.001000
2026-01-20 12:11:52,631 - INFO - Epoch 19: Train Loss=28.0048, Val Loss=69.0081, Train MAE=4.2152, Val MAE=6.7286, Train RMSE=5.2920, Val RMSE=8.3071, LR=0.001000
2026-01-20 12:12:01,788 - INFO - Epoch 20: Train Loss=31.6335, Val Loss=63.3102, Train MAE=4.3106, Val MAE=6.9605, Train RMSE=5.6244, Val RMSE=7.9568, LR=0.001000
2026-01-20 12:12:10,943 - INFO - Epoch 21: Train Loss=30.8542, Val Loss=65.5711, Train MAE=4.4918, Val MAE=6.8600, Train RMSE=5.5547, Val RMSE=8.0976, LR=0.001000
2026-01-20 12:12:20,097 - INFO - Epoch 22: Train Loss=28.5979, Val Loss=78.4461, Train MAE=4.2104, Val MAE=7.2044, Train RMSE=5.3477, Val RMSE=8.8570, LR=0.001000
2026-01-20 12:12:29,254 - INFO - Epoch 23: Train Loss=21.7390, Val Loss=84.3092, Train MAE=3.4410, Val MAE=7.7730, Train RMSE=4.6625, Val RMSE=9.1820, LR=0.001000
2026-01-20 12:12:38,406 - INFO - Epoch 24: Train Loss=23.1535, Val Loss=99.0495, Train MAE=3.8018, Val MAE=8.3883, Train RMSE=4.8118, Val RMSE=9.9524, LR=0.001000
2026-01-20 12:12:47,565 - INFO - Epoch 25: Train Loss=25.6531, Val Loss=54.1540, Train MAE=4.0059, Val MAE=5.6813, Train RMSE=5.0649, Val RMSE=7.3589, LR=0.001000
2026-01-20 12:12:56,721 - INFO - Epoch 26: Train Loss=18.9150, Val Loss=71.9204, Train MAE=3.5571, Val MAE=7.3413, Train RMSE=4.3491, Val RMSE=8.4806, LR=0.001000
2026-01-20 12:13:05,887 - INFO - Epoch 27: Train Loss=22.1713, Val Loss=103.1882, Train MAE=3.7825, Val MAE=8.4158, Train RMSE=4.7086, Val RMSE=10.1582, LR=0.001000
2026-01-20 12:13:15,046 - INFO - Epoch 28: Train Loss=24.5401, Val Loss=58.5067, Train MAE=3.8187, Val MAE=6.5469, Train RMSE=4.9538, Val RMSE=7.6490, LR=0.001000
2026-01-20 12:13:24,202 - INFO - Epoch 29: Train Loss=20.1301, Val Loss=111.9433, Train MAE=3.5514, Val MAE=8.4324, Train RMSE=4.4867, Val RMSE=10.5803, LR=0.001000
2026-01-20 12:13:33,360 - INFO - Epoch 30: Train Loss=20.2741, Val Loss=65.2834, Train MAE=3.6446, Val MAE=6.3362, Train RMSE=4.5027, Val RMSE=8.0798, LR=0.001000
2026-01-20 12:13:42,519 - INFO - Epoch 31: Train Loss=19.0132, Val Loss=91.6351, Train MAE=3.4639, Val MAE=7.3747, Train RMSE=4.3604, Val RMSE=9.5726, LR=0.001000
2026-01-20 12:13:51,663 - INFO - Epoch 32: Train Loss=19.9025, Val Loss=108.8717, Train MAE=3.5941, Val MAE=8.2520, Train RMSE=4.4612, Val RMSE=10.4342, LR=0.001000
2026-01-20 12:14:00,837 - INFO - Epoch 33: Train Loss=19.3964, Val Loss=97.2053, Train MAE=3.4263, Val MAE=7.6621, Train RMSE=4.4041, Val RMSE=9.8593, LR=0.000500
2026-01-20 12:14:10,010 - INFO - Epoch 34: Train Loss=13.8429, Val Loss=108.8564, Train MAE=2.9386, Val MAE=8.5958, Train RMSE=3.7206, Val RMSE=10.4334, LR=0.000500
2026-01-20 12:14:19,163 - INFO - Epoch 35: Train Loss=12.6581, Val Loss=101.6624, Train MAE=2.6964, Val MAE=7.8859, Train RMSE=3.5578, Val RMSE=10.0828, LR=0.000500
2026-01-20 12:14:28,320 - INFO - Epoch 36: Train Loss=9.7692, Val Loss=102.3938, Train MAE=2.5021, Val MAE=8.0606, Train RMSE=3.1256, Val RMSE=10.1190, LR=0.000500
2026-01-20 12:14:37,478 - INFO - Epoch 37: Train Loss=9.1678, Val Loss=107.7651, Train MAE=2.2636, Val MAE=8.3205, Train RMSE=3.0278, Val RMSE=10.3810, LR=0.000500
2026-01-20 12:14:46,641 - INFO - Epoch 38: Train Loss=7.1149, Val Loss=97.2376, Train MAE=2.0624, Val MAE=7.8631, Train RMSE=2.6674, Val RMSE=9.8609, LR=0.000500
2026-01-20 12:14:55,789 - INFO - Epoch 39: Train Loss=8.5577, Val Loss=102.3396, Train MAE=2.3232, Val MAE=8.0200, Train RMSE=2.9254, Val RMSE=10.1163, LR=0.000500
2026-01-20 12:15:04,940 - INFO - Epoch 40: Train Loss=7.0256, Val Loss=101.4542, Train MAE=2.2034, Val MAE=8.3258, Train RMSE=2.6506, Val RMSE=10.0724, LR=0.000500
2026-01-20 12:15:14,104 - INFO - Epoch 41: Train Loss=7.5554, Val Loss=85.5160, Train MAE=2.0798, Val MAE=7.5428, Train RMSE=2.7487, Val RMSE=9.2475, LR=0.000500
2026-01-20 12:15:23,263 - INFO - Epoch 42: Train Loss=7.6853, Val Loss=95.9118, Train MAE=2.2314, Val MAE=7.7384, Train RMSE=2.7722, Val RMSE=9.7935, LR=0.000500
2026-01-20 12:15:32,426 - INFO - Epoch 43: Train Loss=6.2493, Val Loss=95.4735, Train MAE=1.9962, Val MAE=7.8473, Train RMSE=2.4999, Val RMSE=9.7711, LR=0.000500
2026-01-20 12:15:41,579 - INFO - Epoch 44: Train Loss=6.6490, Val Loss=96.1896, Train MAE=1.9983, Val MAE=7.8253, Train RMSE=2.5786, Val RMSE=9.8076, LR=0.000500
2026-01-20 12:15:50,734 - INFO - Epoch 45: Train Loss=5.3777, Val Loss=101.2540, Train MAE=1.8533, Val MAE=8.1637, Train RMSE=2.3190, Val RMSE=10.0625, LR=0.000500
2026-01-20 12:15:59,885 - INFO - Epoch 46: Train Loss=5.9679, Val Loss=93.5508, Train MAE=1.7566, Val MAE=7.7151, Train RMSE=2.4429, Val RMSE=9.6722, LR=0.000500
2026-01-20 12:16:09,052 - INFO - Epoch 47: Train Loss=5.0229, Val Loss=95.6235, Train MAE=1.7775, Val MAE=7.7532, Train RMSE=2.2412, Val RMSE=9.7787, LR=0.000500
2026-01-20 12:16:18,207 - INFO - Epoch 48: Train Loss=5.5863, Val Loss=93.0348, Train MAE=1.7845, Val MAE=7.5164, Train RMSE=2.3635, Val RMSE=9.6455, LR=0.000500
2026-01-20 12:16:27,367 - INFO - Epoch 49: Train Loss=4.5992, Val Loss=96.6577, Train MAE=1.6646, Val MAE=7.8733, Train RMSE=2.1446, Val RMSE=9.8315, LR=0.000500
2026-01-20 12:16:36,533 - INFO - Epoch 50: Train Loss=4.6847, Val Loss=102.2182, Train MAE=1.6299, Val MAE=7.9606, Train RMSE=2.1644, Val RMSE=10.1103, LR=0.000500
2026-01-20 12:16:45,703 - INFO - Epoch 51: Train Loss=6.3823, Val Loss=93.1321, Train MAE=1.8922, Val MAE=7.7223, Train RMSE=2.5263, Val RMSE=9.6505, LR=0.000500
2026-01-20 12:16:54,860 - INFO - Epoch 52: Train Loss=4.4644, Val Loss=86.7283, Train MAE=1.6626, Val MAE=7.2822, Train RMSE=2.1129, Val RMSE=9.3128, LR=0.000500
2026-01-20 12:17:04,013 - INFO - Epoch 53: Train Loss=5.5900, Val Loss=88.2935, Train MAE=1.8892, Val MAE=7.2132, Train RMSE=2.3643, Val RMSE=9.3965, LR=0.000500
2026-01-20 12:17:13,179 - INFO - Epoch 54: Train Loss=5.6321, Val Loss=92.0190, Train MAE=1.9001, Val MAE=7.5185, Train RMSE=2.3732, Val RMSE=9.5927, LR=0.000500
2026-01-20 12:17:22,331 - INFO - Epoch 55: Train Loss=5.8158, Val Loss=91.0576, Train MAE=1.8249, Val MAE=7.3314, Train RMSE=2.4116, Val RMSE=9.5424, LR=0.000500
2026-01-20 12:17:31,486 - INFO - Epoch 56: Train Loss=6.0564, Val Loss=98.2605, Train MAE=1.8014, Val MAE=7.5235, Train RMSE=2.4610, Val RMSE=9.9126, LR=0.000500
2026-01-20 12:17:40,653 - INFO - Epoch 57: Train Loss=5.1104, Val Loss=100.9691, Train MAE=1.6800, Val MAE=7.6285, Train RMSE=2.2606, Val RMSE=10.0483, LR=0.000500
2026-01-20 12:17:49,811 - INFO - Epoch 58: Train Loss=5.4778, Val Loss=82.0550, Train MAE=1.8746, Val MAE=7.1181, Train RMSE=2.3405, Val RMSE=9.0584, LR=0.000500
2026-01-20 12:17:58,963 - INFO - Epoch 59: Train Loss=5.1602, Val Loss=93.3689, Train MAE=1.7752, Val MAE=7.6945, Train RMSE=2.2716, Val RMSE=9.6628, LR=0.000500
2026-01-20 12:18:08,131 - INFO - Epoch 60: Train Loss=3.8692, Val Loss=86.9588, Train MAE=1.5284, Val MAE=7.3849, Train RMSE=1.9670, Val RMSE=9.3252, LR=0.000500
2026-01-20 12:18:17,287 - INFO - Epoch 61: Train Loss=3.9981, Val Loss=101.5499, Train MAE=1.4282, Val MAE=7.7895, Train RMSE=1.9995, Val RMSE=10.0772, LR=0.000500
2026-01-20 12:18:26,439 - INFO - Epoch 62: Train Loss=4.7406, Val Loss=94.9304, Train MAE=1.6877, Val MAE=7.5555, Train RMSE=2.1773, Val RMSE=9.7432, LR=0.000500
2026-01-20 12:18:35,608 - INFO - Epoch 63: Train Loss=4.0885, Val Loss=91.8724, Train MAE=1.5778, Val MAE=7.5307, Train RMSE=2.0220, Val RMSE=9.5850, LR=0.000500
2026-01-20 12:18:44,754 - INFO - Epoch 64: Train Loss=3.1120, Val Loss=94.6036, Train MAE=1.2670, Val MAE=7.5063, Train RMSE=1.7641, Val RMSE=9.7264, LR=0.000250
2026-01-20 12:18:53,909 - INFO - Epoch 65: Train Loss=3.6616, Val Loss=95.8122, Train MAE=1.5041, Val MAE=7.6092, Train RMSE=1.9135, Val RMSE=9.7884, LR=0.000250
2026-01-20 12:19:03,072 - INFO - Epoch 66: Train Loss=2.5473, Val Loss=95.5096, Train MAE=1.2606, Val MAE=7.5956, Train RMSE=1.5960, Val RMSE=9.7729, LR=0.000250
2026-01-20 12:19:12,249 - INFO - Epoch 67: Train Loss=3.5410, Val Loss=90.6242, Train MAE=1.4661, Val MAE=7.4596, Train RMSE=1.8818, Val RMSE=9.5197, LR=0.000250
2026-01-20 12:19:21,416 - INFO - Epoch 68: Train Loss=2.8531, Val Loss=91.2696, Train MAE=1.2607, Val MAE=7.4018, Train RMSE=1.6891, Val RMSE=9.5535, LR=0.000250
2026-01-20 12:19:30,577 - INFO - Epoch 69: Train Loss=4.1887, Val Loss=94.2800, Train MAE=1.5074, Val MAE=7.5214, Train RMSE=2.0466, Val RMSE=9.7098, LR=0.000250
2026-01-20 12:19:39,725 - INFO - Epoch 70: Train Loss=2.9847, Val Loss=97.1983, Train MAE=1.3393, Val MAE=7.6768, Train RMSE=1.7276, Val RMSE=9.8589, LR=0.000250
2026-01-20 12:19:48,900 - INFO - Epoch 71: Train Loss=2.6560, Val Loss=95.5261, Train MAE=1.2983, Val MAE=7.7250, Train RMSE=1.6297, Val RMSE=9.7737, LR=0.000250
2026-01-20 12:19:58,048 - INFO - Epoch 72: Train Loss=3.0406, Val Loss=94.4253, Train MAE=1.4083, Val MAE=7.4525, Train RMSE=1.7437, Val RMSE=9.7173, LR=0.000250
2026-01-20 12:20:07,207 - INFO - Epoch 73: Train Loss=2.9618, Val Loss=91.3329, Train MAE=1.1931, Val MAE=7.3827, Train RMSE=1.7210, Val RMSE=9.5568, LR=0.000250
2026-01-20 12:20:16,359 - INFO - Epoch 74: Train Loss=2.8091, Val Loss=95.6347, Train MAE=1.2587, Val MAE=7.3617, Train RMSE=1.6760, Val RMSE=9.7793, LR=0.000250
2026-01-20 12:20:25,516 - INFO - Epoch 75: Train Loss=2.6927, Val Loss=89.6866, Train MAE=1.2201, Val MAE=7.1431, Train RMSE=1.6409, Val RMSE=9.4703, LR=0.000250
2026-01-20 12:20:34,675 - INFO - Epoch 76: Train Loss=2.8188, Val Loss=91.6102, Train MAE=1.3315, Val MAE=7.4762, Train RMSE=1.6789, Val RMSE=9.5713, LR=0.000250
2026-01-20 12:20:43,834 - INFO - Epoch 77: Train Loss=3.3665, Val Loss=89.7109, Train MAE=1.4142, Val MAE=7.3331, Train RMSE=1.8348, Val RMSE=9.4716, LR=0.000250
2026-01-20 12:20:52,988 - INFO - Epoch 78: Train Loss=2.6379, Val Loss=91.9982, Train MAE=1.2898, Val MAE=7.5012, Train RMSE=1.6242, Val RMSE=9.5916, LR=0.000250
2026-01-20 12:21:02,147 - INFO - Epoch 79: Train Loss=2.6848, Val Loss=92.8512, Train MAE=1.3168, Val MAE=7.5660, Train RMSE=1.6385, Val RMSE=9.6359, LR=0.000250
2026-01-20 12:21:11,305 - INFO - Epoch 80: Train Loss=3.3534, Val Loss=96.5502, Train MAE=1.3888, Val MAE=7.6144, Train RMSE=1.8312, Val RMSE=9.8260, LR=0.000250
2026-01-20 12:21:20,460 - INFO - Epoch 81: Train Loss=2.1289, Val Loss=90.1199, Train MAE=1.0954, Val MAE=7.3623, Train RMSE=1.4591, Val RMSE=9.4932, LR=0.000250
2026-01-20 12:21:29,616 - INFO - Epoch 82: Train Loss=2.7124, Val Loss=90.3622, Train MAE=1.1565, Val MAE=7.2901, Train RMSE=1.6469, Val RMSE=9.5059, LR=0.000250
2026-01-20 12:21:38,776 - INFO - Epoch 83: Train Loss=2.6188, Val Loss=86.7896, Train MAE=1.2397, Val MAE=7.2531, Train RMSE=1.6183, Val RMSE=9.3161, LR=0.000250
2026-01-20 12:21:47,925 - INFO - Epoch 84: Train Loss=2.3491, Val Loss=93.4752, Train MAE=1.1815, Val MAE=7.5082, Train RMSE=1.5327, Val RMSE=9.6683, LR=0.000250
2026-01-20 12:21:57,100 - INFO - Epoch 85: Train Loss=2.8352, Val Loss=94.5162, Train MAE=1.3764, Val MAE=7.4458, Train RMSE=1.6838, Val RMSE=9.7219, LR=0.000250
2026-01-20 12:22:06,270 - INFO - Epoch 86: Train Loss=2.0289, Val Loss=93.5659, Train MAE=1.0807, Val MAE=7.4993, Train RMSE=1.4244, Val RMSE=9.6729, LR=0.000250
2026-01-20 12:22:15,416 - INFO - Epoch 87: Train Loss=2.3422, Val Loss=91.9641, Train MAE=1.1478, Val MAE=7.5316, Train RMSE=1.5304, Val RMSE=9.5898, LR=0.000250
2026-01-20 12:22:24,590 - INFO - Epoch 88: Train Loss=2.0628, Val Loss=95.5813, Train MAE=1.0634, Val MAE=7.5914, Train RMSE=1.4363, Val RMSE=9.7766, LR=0.000250
2026-01-20 12:22:33,730 - INFO - Epoch 89: Train Loss=2.4437, Val Loss=94.2237, Train MAE=1.1797, Val MAE=7.5444, Train RMSE=1.5632, Val RMSE=9.7069, LR=0.000250
2026-01-20 12:22:42,899 - INFO - Epoch 90: Train Loss=1.9029, Val Loss=97.8885, Train MAE=1.0619, Val MAE=7.6323, Train RMSE=1.3795, Val RMSE=9.8939, LR=0.000250
2026-01-20 12:22:52,051 - INFO - Epoch 91: Train Loss=1.9847, Val Loss=95.8666, Train MAE=1.1545, Val MAE=7.5576, Train RMSE=1.4088, Val RMSE=9.7911, LR=0.000250
2026-01-20 12:23:01,205 - INFO - Epoch 92: Train Loss=2.3209, Val Loss=94.8744, Train MAE=1.1607, Val MAE=7.5240, Train RMSE=1.5234, Val RMSE=9.7403, LR=0.000250
2026-01-20 12:23:10,368 - INFO - Epoch 93: Train Loss=2.3319, Val Loss=95.1075, Train MAE=1.1186, Val MAE=7.5030, Train RMSE=1.5271, Val RMSE=9.7523, LR=0.000250
2026-01-20 12:23:19,534 - INFO - Epoch 94: Train Loss=1.5773, Val Loss=89.3917, Train MAE=1.0307, Val MAE=7.4458, Train RMSE=1.2559, Val RMSE=9.4547, LR=0.000250
2026-01-20 12:23:28,688 - INFO - Epoch 95: Train Loss=2.4640, Val Loss=97.5826, Train MAE=1.2069, Val MAE=7.6799, Train RMSE=1.5697, Val RMSE=9.8784, LR=0.000125
2026-01-20 12:23:37,853 - INFO - Epoch 96: Train Loss=2.5245, Val Loss=94.3594, Train MAE=1.2222, Val MAE=7.5517, Train RMSE=1.5889, Val RMSE=9.7139, LR=0.000125
2026-01-20 12:23:47,005 - INFO - Epoch 97: Train Loss=1.4694, Val Loss=91.4927, Train MAE=0.8693, Val MAE=7.4408, Train RMSE=1.2122, Val RMSE=9.5652, LR=0.000125
2026-01-20 12:23:56,151 - INFO - Epoch 98: Train Loss=1.8233, Val Loss=92.1288, Train MAE=1.0087, Val MAE=7.4957, Train RMSE=1.3503, Val RMSE=9.5984, LR=0.000125
2026-01-20 12:24:05,301 - INFO - Epoch 99: Train Loss=2.6818, Val Loss=91.9279, Train MAE=1.2620, Val MAE=7.4443, Train RMSE=1.6376, Val RMSE=9.5879, LR=0.000125
2026-01-20 12:24:14,474 - INFO - Epoch 100: Train Loss=1.4415, Val Loss=95.4468, Train MAE=0.9024, Val MAE=7.5733, Train RMSE=1.2006, Val RMSE=9.7697, LR=0.000125
2026-01-20 12:24:14,489 - INFO - 已加载最佳模型
2026-01-20 12:24:14,855 - INFO - 第 3 折结果 - Val Loss: 46.7184, MAE: 5.2924, RMSE: 6.8351
2026-01-20 12:24:14,855 - INFO - 
===== 第 4/5 折 =====
2026-01-20 12:24:14,855 - INFO - 训练集大小: 72, 验证集大小: 18
2026-01-20 12:24:24,061 - INFO - Epoch 1: Train Loss=271.6546, Val Loss=71.8802, Train MAE=13.6846, Val MAE=6.8017, Train RMSE=16.4819, Val RMSE=8.4782, LR=0.001000
2026-01-20 12:24:33,221 - INFO - Epoch 2: Train Loss=67.7897, Val Loss=100.9458, Train MAE=6.3113, Val MAE=8.4369, Train RMSE=8.2334, Val RMSE=10.0472, LR=0.001000
2026-01-20 12:24:42,393 - INFO - Epoch 3: Train Loss=51.0414, Val Loss=144.1951, Train MAE=5.7167, Val MAE=10.5513, Train RMSE=7.1443, Val RMSE=12.0081, LR=0.001000
2026-01-20 12:24:51,561 - INFO - Epoch 4: Train Loss=64.1387, Val Loss=72.2983, Train MAE=6.5805, Val MAE=7.2367, Train RMSE=8.0087, Val RMSE=8.5028, LR=0.001000
2026-01-20 12:25:00,714 - INFO - Epoch 5: Train Loss=65.7361, Val Loss=188.1505, Train MAE=6.3232, Val MAE=11.8527, Train RMSE=8.1078, Val RMSE=13.7168, LR=0.001000
2026-01-20 12:25:09,877 - INFO - Epoch 6: Train Loss=53.1638, Val Loss=126.8952, Train MAE=5.9603, Val MAE=9.5833, Train RMSE=7.2914, Val RMSE=11.2648, LR=0.001000
2026-01-20 12:25:19,030 - INFO - Epoch 7: Train Loss=50.9873, Val Loss=125.6087, Train MAE=5.8539, Val MAE=9.4185, Train RMSE=7.1405, Val RMSE=11.2075, LR=0.001000
2026-01-20 12:25:28,186 - INFO - Epoch 8: Train Loss=44.1180, Val Loss=90.4823, Train MAE=5.3513, Val MAE=8.1379, Train RMSE=6.6421, Val RMSE=9.5122, LR=0.001000
2026-01-20 12:25:37,365 - INFO - Epoch 9: Train Loss=47.4729, Val Loss=50.5097, Train MAE=5.4969, Val MAE=6.1747, Train RMSE=6.8901, Val RMSE=7.1070, LR=0.001000
2026-01-20 12:25:46,521 - INFO - Epoch 10: Train Loss=43.7736, Val Loss=85.8640, Train MAE=5.3665, Val MAE=7.9340, Train RMSE=6.6162, Val RMSE=9.2663, LR=0.001000
2026-01-20 12:25:55,690 - INFO - Epoch 11: Train Loss=56.0989, Val Loss=159.0895, Train MAE=6.0118, Val MAE=10.8989, Train RMSE=7.4899, Val RMSE=12.6131, LR=0.001000
2026-01-20 12:26:04,841 - INFO - Epoch 12: Train Loss=54.0398, Val Loss=62.5356, Train MAE=6.0133, Val MAE=6.9977, Train RMSE=7.3512, Val RMSE=7.9079, LR=0.001000
2026-01-20 12:26:13,997 - INFO - Epoch 13: Train Loss=47.0237, Val Loss=129.8888, Train MAE=5.5501, Val MAE=9.7366, Train RMSE=6.8574, Val RMSE=11.3969, LR=0.001000
2026-01-20 12:26:23,158 - INFO - Epoch 14: Train Loss=44.8835, Val Loss=86.4829, Train MAE=5.7054, Val MAE=7.9480, Train RMSE=6.6995, Val RMSE=9.2996, LR=0.001000
2026-01-20 12:26:32,308 - INFO - Epoch 15: Train Loss=46.3077, Val Loss=59.4487, Train MAE=5.5363, Val MAE=6.6333, Train RMSE=6.8050, Val RMSE=7.7103, LR=0.001000
2026-01-20 12:26:41,469 - INFO - Epoch 16: Train Loss=42.4860, Val Loss=126.0522, Train MAE=5.1317, Val MAE=9.4063, Train RMSE=6.5181, Val RMSE=11.2273, LR=0.001000
2026-01-20 12:26:50,631 - INFO - Epoch 17: Train Loss=39.8936, Val Loss=147.0703, Train MAE=4.6733, Val MAE=10.1291, Train RMSE=6.3161, Val RMSE=12.1273, LR=0.001000
2026-01-20 12:26:59,784 - INFO - Epoch 18: Train Loss=43.2818, Val Loss=108.1791, Train MAE=5.4020, Val MAE=8.7855, Train RMSE=6.5789, Val RMSE=10.4009, LR=0.001000
2026-01-20 12:27:08,953 - INFO - Epoch 19: Train Loss=47.9846, Val Loss=99.0132, Train MAE=5.5393, Val MAE=8.3062, Train RMSE=6.9271, Val RMSE=9.9505, LR=0.001000
2026-01-20 12:27:18,126 - INFO - Epoch 20: Train Loss=35.7267, Val Loss=54.2863, Train MAE=4.7476, Val MAE=6.5045, Train RMSE=5.9772, Val RMSE=7.3679, LR=0.001000
2026-01-20 12:27:27,283 - INFO - Epoch 21: Train Loss=42.1784, Val Loss=68.1394, Train MAE=5.3649, Val MAE=7.1105, Train RMSE=6.4945, Val RMSE=8.2547, LR=0.001000
2026-01-20 12:27:36,457 - INFO - Epoch 22: Train Loss=36.7385, Val Loss=53.5716, Train MAE=4.6450, Val MAE=6.4109, Train RMSE=6.0612, Val RMSE=7.3193, LR=0.001000
2026-01-20 12:27:45,611 - INFO - Epoch 23: Train Loss=38.0727, Val Loss=64.0607, Train MAE=4.9379, Val MAE=7.0753, Train RMSE=6.1703, Val RMSE=8.0038, LR=0.001000
2026-01-20 12:27:54,769 - INFO - Epoch 24: Train Loss=43.5714, Val Loss=78.6934, Train MAE=5.0919, Val MAE=7.6954, Train RMSE=6.6009, Val RMSE=8.8709, LR=0.001000
2026-01-20 12:28:03,921 - INFO - Epoch 25: Train Loss=38.3729, Val Loss=105.9636, Train MAE=5.0084, Val MAE=8.6795, Train RMSE=6.1946, Val RMSE=10.2939, LR=0.001000
2026-01-20 12:28:13,081 - INFO - Epoch 26: Train Loss=34.1771, Val Loss=59.9174, Train MAE=4.5118, Val MAE=6.8560, Train RMSE=5.8461, Val RMSE=7.7406, LR=0.001000
2026-01-20 12:28:22,236 - INFO - Epoch 27: Train Loss=29.6041, Val Loss=82.4633, Train MAE=4.2919, Val MAE=8.0009, Train RMSE=5.4410, Val RMSE=9.0809, LR=0.001000
2026-01-20 12:28:31,392 - INFO - Epoch 28: Train Loss=33.3097, Val Loss=63.0837, Train MAE=4.4102, Val MAE=6.9994, Train RMSE=5.7715, Val RMSE=7.9425, LR=0.001000
2026-01-20 12:28:40,550 - INFO - Epoch 29: Train Loss=26.0192, Val Loss=151.3243, Train MAE=4.0651, Val MAE=10.3382, Train RMSE=5.1009, Val RMSE=12.3014, LR=0.001000
2026-01-20 12:28:49,703 - INFO - Epoch 30: Train Loss=22.8516, Val Loss=123.8348, Train MAE=3.7441, Val MAE=9.4831, Train RMSE=4.7803, Val RMSE=11.1281, LR=0.001000
2026-01-20 12:28:58,856 - INFO - Epoch 31: Train Loss=33.3534, Val Loss=86.7685, Train MAE=4.7769, Val MAE=7.8551, Train RMSE=5.7752, Val RMSE=9.3150, LR=0.001000
2026-01-20 12:29:08,017 - INFO - Epoch 32: Train Loss=28.4400, Val Loss=99.4179, Train MAE=4.2604, Val MAE=8.1837, Train RMSE=5.3329, Val RMSE=9.9709, LR=0.001000
2026-01-20 12:29:17,176 - INFO - Epoch 33: Train Loss=20.7176, Val Loss=107.8033, Train MAE=3.6550, Val MAE=8.6776, Train RMSE=4.5517, Val RMSE=10.3828, LR=0.001000
2026-01-20 12:29:26,331 - INFO - Epoch 34: Train Loss=21.2159, Val Loss=118.9362, Train MAE=3.5468, Val MAE=9.1221, Train RMSE=4.6061, Val RMSE=10.9058, LR=0.001000
2026-01-20 12:29:35,486 - INFO - Epoch 35: Train Loss=17.3586, Val Loss=156.6952, Train MAE=3.2650, Val MAE=10.5540, Train RMSE=4.1664, Val RMSE=12.5178, LR=0.001000
2026-01-20 12:29:44,644 - INFO - Epoch 36: Train Loss=19.0412, Val Loss=106.4111, Train MAE=3.4469, Val MAE=8.7264, Train RMSE=4.3636, Val RMSE=10.3156, LR=0.001000
2026-01-20 12:29:53,809 - INFO - Epoch 37: Train Loss=21.4279, Val Loss=124.5063, Train MAE=3.6566, Val MAE=9.4327, Train RMSE=4.6290, Val RMSE=11.1582, LR=0.001000
2026-01-20 12:30:02,958 - INFO - Epoch 38: Train Loss=21.4157, Val Loss=133.5437, Train MAE=3.7825, Val MAE=9.7386, Train RMSE=4.6277, Val RMSE=11.5561, LR=0.001000
2026-01-20 12:30:12,127 - INFO - Epoch 39: Train Loss=15.0200, Val Loss=187.5293, Train MAE=3.0902, Val MAE=11.7033, Train RMSE=3.8756, Val RMSE=13.6941, LR=0.001000
2026-01-20 12:30:21,278 - INFO - Epoch 40: Train Loss=15.0028, Val Loss=110.3080, Train MAE=2.8187, Val MAE=9.2777, Train RMSE=3.8733, Val RMSE=10.5028, LR=0.001000
2026-01-20 12:30:30,434 - INFO - Epoch 41: Train Loss=14.5155, Val Loss=231.2078, Train MAE=2.9274, Val MAE=13.6023, Train RMSE=3.8099, Val RMSE=15.2055, LR=0.001000
2026-01-20 12:30:39,584 - INFO - Epoch 42: Train Loss=15.0504, Val Loss=127.9198, Train MAE=3.1202, Val MAE=9.8503, Train RMSE=3.8795, Val RMSE=11.3102, LR=0.001000
2026-01-20 12:30:48,753 - INFO - Epoch 43: Train Loss=14.4775, Val Loss=117.3784, Train MAE=2.9123, Val MAE=9.1946, Train RMSE=3.8049, Val RMSE=10.8341, LR=0.001000
2026-01-20 12:30:57,898 - INFO - Epoch 44: Train Loss=11.9939, Val Loss=102.0932, Train MAE=2.5709, Val MAE=8.2616, Train RMSE=3.4632, Val RMSE=10.1041, LR=0.001000
2026-01-20 12:31:07,075 - INFO - Epoch 45: Train Loss=12.5635, Val Loss=85.1284, Train MAE=2.6983, Val MAE=7.6032, Train RMSE=3.5445, Val RMSE=9.2265, LR=0.001000
2026-01-20 12:31:16,238 - INFO - Epoch 46: Train Loss=11.2692, Val Loss=140.4739, Train MAE=2.4117, Val MAE=9.8687, Train RMSE=3.3570, Val RMSE=11.8522, LR=0.001000
2026-01-20 12:31:25,394 - INFO - Epoch 47: Train Loss=10.4183, Val Loss=115.5311, Train MAE=2.4350, Val MAE=9.4500, Train RMSE=3.2277, Val RMSE=10.7485, LR=0.001000
2026-01-20 12:31:34,556 - INFO - Epoch 48: Train Loss=9.2580, Val Loss=124.4034, Train MAE=2.4614, Val MAE=9.7006, Train RMSE=3.0427, Val RMSE=11.1536, LR=0.001000
2026-01-20 12:31:43,712 - INFO - Epoch 49: Train Loss=9.4984, Val Loss=122.9234, Train MAE=2.4067, Val MAE=9.8507, Train RMSE=3.0819, Val RMSE=11.0871, LR=0.001000
2026-01-20 12:31:52,872 - INFO - Epoch 50: Train Loss=11.6904, Val Loss=159.9986, Train MAE=2.7565, Val MAE=10.8970, Train RMSE=3.4191, Val RMSE=12.6491, LR=0.001000
2026-01-20 12:32:02,029 - INFO - Epoch 51: Train Loss=10.2230, Val Loss=142.8883, Train MAE=2.4889, Val MAE=10.6789, Train RMSE=3.1973, Val RMSE=11.9536, LR=0.001000
2026-01-20 12:32:11,191 - INFO - Epoch 52: Train Loss=12.1907, Val Loss=123.5411, Train MAE=2.7133, Val MAE=9.4357, Train RMSE=3.4915, Val RMSE=11.1149, LR=0.001000
2026-01-20 12:32:20,344 - INFO - Epoch 53: Train Loss=8.0646, Val Loss=151.7470, Train MAE=2.1892, Val MAE=10.3882, Train RMSE=2.8398, Val RMSE=12.3186, LR=0.000500
2026-01-20 12:32:29,510 - INFO - Epoch 54: Train Loss=9.5858, Val Loss=103.8688, Train MAE=2.5440, Val MAE=8.7964, Train RMSE=3.0961, Val RMSE=10.1916, LR=0.000500
2026-01-20 12:32:38,662 - INFO - Epoch 55: Train Loss=8.6943, Val Loss=124.0754, Train MAE=2.1674, Val MAE=9.7326, Train RMSE=2.9486, Val RMSE=11.1389, LR=0.000500
2026-01-20 12:33:16,956 - INFO - Epoch 56: Train Loss=5.2645, Val Loss=133.2486, Train MAE=1.6430, Val MAE=10.1814, Train RMSE=2.2945, Val RMSE=11.5433, LR=0.000500
2026-01-20 12:33:26,114 - INFO - Epoch 57: Train Loss=4.0859, Val Loss=131.7068, Train MAE=1.5731, Val MAE=10.0718, Train RMSE=2.0214, Val RMSE=11.4764, LR=0.000500
2026-01-20 12:33:35,272 - INFO - Epoch 58: Train Loss=4.7641, Val Loss=124.7732, Train MAE=1.5711, Val MAE=9.8403, Train RMSE=2.1827, Val RMSE=11.1702, LR=0.000500
2026-01-20 12:33:44,427 - INFO - Epoch 59: Train Loss=4.9579, Val Loss=130.5129, Train MAE=1.6225, Val MAE=10.0252, Train RMSE=2.2266, Val RMSE=11.4242, LR=0.000500
2026-01-20 12:33:53,581 - INFO - Epoch 60: Train Loss=6.3761, Val Loss=162.0569, Train MAE=1.8947, Val MAE=10.9996, Train RMSE=2.5251, Val RMSE=12.7302, LR=0.000500
2026-01-20 12:34:02,739 - INFO - Epoch 61: Train Loss=5.0724, Val Loss=120.3145, Train MAE=1.6704, Val MAE=9.7248, Train RMSE=2.2522, Val RMSE=10.9688, LR=0.000500
2026-01-20 12:34:11,898 - INFO - Epoch 62: Train Loss=3.6464, Val Loss=129.0008, Train MAE=1.4583, Val MAE=10.0805, Train RMSE=1.9096, Val RMSE=11.3579, LR=0.000500
2026-01-20 12:34:21,061 - INFO - Epoch 63: Train Loss=4.5931, Val Loss=165.2792, Train MAE=1.5817, Val MAE=11.2190, Train RMSE=2.1432, Val RMSE=12.8561, LR=0.000500
2026-01-20 12:34:30,220 - INFO - Epoch 64: Train Loss=4.0994, Val Loss=126.0707, Train MAE=1.4714, Val MAE=9.8942, Train RMSE=2.0247, Val RMSE=11.2281, LR=0.000500
2026-01-20 12:34:39,379 - INFO - Epoch 65: Train Loss=4.7793, Val Loss=115.5118, Train MAE=1.6324, Val MAE=9.3736, Train RMSE=2.1862, Val RMSE=10.7476, LR=0.000500
2026-01-20 12:34:48,532 - INFO - Epoch 66: Train Loss=3.7703, Val Loss=146.4135, Train MAE=1.4391, Val MAE=10.5445, Train RMSE=1.9417, Val RMSE=12.1001, LR=0.000500
2026-01-20 12:34:57,690 - INFO - Epoch 67: Train Loss=5.0117, Val Loss=131.2495, Train MAE=1.5964, Val MAE=10.1301, Train RMSE=2.2387, Val RMSE=11.4564, LR=0.000500
2026-01-20 12:35:06,847 - INFO - Epoch 68: Train Loss=5.3652, Val Loss=115.7217, Train MAE=1.5884, Val MAE=9.5098, Train RMSE=2.3163, Val RMSE=10.7574, LR=0.000500
2026-01-20 12:35:16,003 - INFO - Epoch 69: Train Loss=4.9618, Val Loss=127.0157, Train MAE=1.6714, Val MAE=9.8767, Train RMSE=2.2275, Val RMSE=11.2701, LR=0.000500
2026-01-20 12:35:25,163 - INFO - Epoch 70: Train Loss=4.8314, Val Loss=143.4259, Train MAE=1.6373, Val MAE=10.4620, Train RMSE=2.1980, Val RMSE=11.9761, LR=0.000500
2026-01-20 12:35:34,327 - INFO - Epoch 71: Train Loss=2.6278, Val Loss=149.3270, Train MAE=1.1684, Val MAE=10.7037, Train RMSE=1.6211, Val RMSE=12.2199, LR=0.000500
2026-01-20 12:35:43,490 - INFO - Epoch 72: Train Loss=4.1792, Val Loss=144.8384, Train MAE=1.5152, Val MAE=10.5039, Train RMSE=2.0443, Val RMSE=12.0349, LR=0.000500
2026-01-20 12:35:52,644 - INFO - Epoch 73: Train Loss=2.9563, Val Loss=150.0236, Train MAE=1.2476, Val MAE=10.7377, Train RMSE=1.7194, Val RMSE=12.2484, LR=0.000500
2026-01-20 12:36:01,797 - INFO - Epoch 74: Train Loss=3.6100, Val Loss=128.3470, Train MAE=1.3501, Val MAE=10.0054, Train RMSE=1.9000, Val RMSE=11.3290, LR=0.000500
2026-01-20 12:36:10,958 - INFO - Epoch 75: Train Loss=5.6260, Val Loss=137.5618, Train MAE=1.5757, Val MAE=10.2432, Train RMSE=2.3719, Val RMSE=11.7287, LR=0.000500
2026-01-20 12:36:20,108 - INFO - Epoch 76: Train Loss=4.1596, Val Loss=123.8557, Train MAE=1.4222, Val MAE=9.8132, Train RMSE=2.0395, Val RMSE=11.1290, LR=0.000500
2026-01-20 12:36:29,267 - INFO - Epoch 77: Train Loss=3.4373, Val Loss=149.1061, Train MAE=1.4167, Val MAE=10.7074, Train RMSE=1.8540, Val RMSE=12.2109, LR=0.000500
2026-01-20 12:36:38,431 - INFO - Epoch 78: Train Loss=4.3479, Val Loss=156.4728, Train MAE=1.4538, Val MAE=10.9390, Train RMSE=2.0852, Val RMSE=12.5089, LR=0.000500
2026-01-20 12:36:47,592 - INFO - Epoch 79: Train Loss=4.3058, Val Loss=134.9624, Train MAE=1.5648, Val MAE=10.3996, Train RMSE=2.0750, Val RMSE=11.6173, LR=0.000500
2026-01-20 12:36:56,752 - INFO - Epoch 80: Train Loss=4.3316, Val Loss=108.0683, Train MAE=1.5712, Val MAE=9.3537, Train RMSE=2.0813, Val RMSE=10.3956, LR=0.000500
2026-01-20 12:37:05,910 - INFO - Epoch 81: Train Loss=3.9682, Val Loss=140.6009, Train MAE=1.4452, Val MAE=10.5346, Train RMSE=1.9920, Val RMSE=11.8575, LR=0.000500
2026-01-20 12:37:15,056 - INFO - Epoch 82: Train Loss=3.8720, Val Loss=159.8256, Train MAE=1.4136, Val MAE=11.1696, Train RMSE=1.9677, Val RMSE=12.6422, LR=0.000500
2026-01-20 12:37:24,220 - INFO - Epoch 83: Train Loss=3.6067, Val Loss=141.2557, Train MAE=1.4147, Val MAE=10.5782, Train RMSE=1.8991, Val RMSE=11.8851, LR=0.000500
2026-01-20 12:37:33,384 - INFO - Epoch 84: Train Loss=3.9237, Val Loss=121.2140, Train MAE=1.3794, Val MAE=9.8531, Train RMSE=1.9808, Val RMSE=11.0097, LR=0.000250
2026-01-20 12:37:42,547 - INFO - Epoch 85: Train Loss=3.0134, Val Loss=153.8817, Train MAE=1.2376, Val MAE=11.0216, Train RMSE=1.7359, Val RMSE=12.4049, LR=0.000250
2026-01-20 12:37:51,701 - INFO - Epoch 86: Train Loss=2.6287, Val Loss=135.2997, Train MAE=1.1509, Val MAE=10.3754, Train RMSE=1.6213, Val RMSE=11.6318, LR=0.000250
2026-01-20 12:38:00,859 - INFO - Epoch 87: Train Loss=3.0868, Val Loss=140.9370, Train MAE=1.2540, Val MAE=10.5659, Train RMSE=1.7569, Val RMSE=11.8717, LR=0.000250
2026-01-20 12:38:10,016 - INFO - Epoch 88: Train Loss=2.8992, Val Loss=136.8398, Train MAE=1.1349, Val MAE=10.4374, Train RMSE=1.7027, Val RMSE=11.6979, LR=0.000250
2026-01-20 12:38:19,168 - INFO - Epoch 89: Train Loss=2.7250, Val Loss=140.3556, Train MAE=1.1479, Val MAE=10.5785, Train RMSE=1.6508, Val RMSE=11.8472, LR=0.000250
2026-01-20 12:38:28,318 - INFO - Epoch 90: Train Loss=2.7144, Val Loss=134.8559, Train MAE=1.0967, Val MAE=10.3141, Train RMSE=1.6475, Val RMSE=11.6127, LR=0.000250
2026-01-20 12:38:37,471 - INFO - Epoch 91: Train Loss=2.1501, Val Loss=147.4982, Train MAE=1.0655, Val MAE=10.7589, Train RMSE=1.4663, Val RMSE=12.1449, LR=0.000250
2026-01-20 12:38:46,624 - INFO - Epoch 92: Train Loss=2.9103, Val Loss=137.6725, Train MAE=1.2088, Val MAE=10.4018, Train RMSE=1.7060, Val RMSE=11.7334, LR=0.000250
2026-01-20 12:38:55,776 - INFO - Epoch 93: Train Loss=2.9550, Val Loss=138.7582, Train MAE=1.1753, Val MAE=10.4492, Train RMSE=1.7190, Val RMSE=11.7796, LR=0.000250
2026-01-20 12:39:04,934 - INFO - Epoch 94: Train Loss=2.9268, Val Loss=140.8690, Train MAE=1.0712, Val MAE=10.5586, Train RMSE=1.7108, Val RMSE=11.8688, LR=0.000250
2026-01-20 12:39:14,086 - INFO - Epoch 95: Train Loss=3.3864, Val Loss=130.5557, Train MAE=1.2987, Val MAE=10.2440, Train RMSE=1.8402, Val RMSE=11.4261, LR=0.000250
2026-01-20 12:39:23,238 - INFO - Epoch 96: Train Loss=2.4364, Val Loss=132.0677, Train MAE=1.0883, Val MAE=10.2807, Train RMSE=1.5609, Val RMSE=11.4921, LR=0.000250
2026-01-20 12:39:32,392 - INFO - Epoch 97: Train Loss=2.1567, Val Loss=146.4212, Train MAE=1.0403, Val MAE=10.7518, Train RMSE=1.4686, Val RMSE=12.1005, LR=0.000250
2026-01-20 12:39:41,546 - INFO - Epoch 98: Train Loss=2.5532, Val Loss=138.1716, Train MAE=1.0260, Val MAE=10.5023, Train RMSE=1.5979, Val RMSE=11.7546, LR=0.000250
2026-01-20 12:39:50,694 - INFO - Epoch 99: Train Loss=2.9275, Val Loss=141.8732, Train MAE=1.1525, Val MAE=10.5833, Train RMSE=1.7110, Val RMSE=11.9111, LR=0.000250
2026-01-20 12:39:59,845 - INFO - Epoch 100: Train Loss=2.8143, Val Loss=136.1040, Train MAE=1.0676, Val MAE=10.3643, Train RMSE=1.6776, Val RMSE=11.6664, LR=0.000250
2026-01-20 12:39:59,859 - INFO - 已加载最佳模型
2026-01-20 12:40:00,228 - INFO - 第 4 折结果 - Val Loss: 53.5716, MAE: 6.4109, RMSE: 7.3193
2026-01-20 12:40:00,229 - INFO - 
===== 第 5/5 折 =====
2026-01-20 12:40:00,229 - INFO - 训练集大小: 72, 验证集大小: 18
2026-01-20 12:40:09,420 - INFO - Epoch 1: Train Loss=143.9514, Val Loss=48.3316, Train MAE=9.4625, Val MAE=5.2110, Train RMSE=11.9980, Val RMSE=6.9521, LR=0.001000
2026-01-20 12:40:18,566 - INFO - Epoch 2: Train Loss=69.7256, Val Loss=95.5522, Train MAE=6.8053, Val MAE=8.4192, Train RMSE=8.3502, Val RMSE=9.7751, LR=0.001000
2026-01-20 12:40:27,728 - INFO - Epoch 3: Train Loss=72.7103, Val Loss=38.1735, Train MAE=7.1120, Val MAE=5.2514, Train RMSE=8.5270, Val RMSE=6.1785, LR=0.001000
2026-01-20 12:40:36,877 - INFO - Epoch 4: Train Loss=78.8551, Val Loss=67.2579, Train MAE=7.3007, Val MAE=7.1233, Train RMSE=8.8800, Val RMSE=8.2011, LR=0.001000
2026-01-20 12:40:46,031 - INFO - Epoch 5: Train Loss=81.4865, Val Loss=52.8037, Train MAE=7.3306, Val MAE=6.3980, Train RMSE=9.0270, Val RMSE=7.2666, LR=0.001000
2026-01-20 12:40:55,197 - INFO - Epoch 6: Train Loss=65.0363, Val Loss=39.5211, Train MAE=7.0880, Val MAE=4.5734, Train RMSE=8.0645, Val RMSE=6.2866, LR=0.001000
2026-01-20 12:41:04,355 - INFO - Epoch 7: Train Loss=63.7734, Val Loss=42.4539, Train MAE=6.4389, Val MAE=5.2356, Train RMSE=7.9858, Val RMSE=6.5157, LR=0.001000
2026-01-20 12:41:13,497 - INFO - Epoch 8: Train Loss=67.9704, Val Loss=67.6582, Train MAE=6.9729, Val MAE=6.8276, Train RMSE=8.2444, Val RMSE=8.2255, LR=0.001000
2026-01-20 12:41:22,654 - INFO - Epoch 9: Train Loss=57.8079, Val Loss=57.1878, Train MAE=6.2668, Val MAE=5.9112, Train RMSE=7.6031, Val RMSE=7.5623, LR=0.001000
2026-01-20 12:41:31,799 - INFO - Epoch 10: Train Loss=51.0957, Val Loss=42.6454, Train MAE=5.9167, Val MAE=4.7905, Train RMSE=7.1481, Val RMSE=6.5303, LR=0.001000
2026-01-20 12:41:40,966 - INFO - Epoch 11: Train Loss=48.7760, Val Loss=32.9745, Train MAE=5.6837, Val MAE=4.1398, Train RMSE=6.9840, Val RMSE=5.7423, LR=0.001000
2026-01-20 12:41:50,124 - INFO - Epoch 12: Train Loss=46.4585, Val Loss=56.5655, Train MAE=5.8166, Val MAE=5.8593, Train RMSE=6.8160, Val RMSE=7.5210, LR=0.001000
2026-01-20 12:41:59,278 - INFO - Epoch 13: Train Loss=55.6132, Val Loss=50.6454, Train MAE=6.1178, Val MAE=5.4816, Train RMSE=7.4574, Val RMSE=7.1166, LR=0.001000
2026-01-20 12:42:08,430 - INFO - Epoch 14: Train Loss=47.9940, Val Loss=64.1941, Train MAE=5.8697, Val MAE=6.5401, Train RMSE=6.9278, Val RMSE=8.0121, LR=0.001000
2026-01-20 12:42:17,582 - INFO - Epoch 15: Train Loss=47.9991, Val Loss=81.9436, Train MAE=5.7175, Val MAE=7.5580, Train RMSE=6.9281, Val RMSE=9.0523, LR=0.001000
2026-01-20 12:42:26,732 - INFO - Epoch 16: Train Loss=51.1217, Val Loss=69.4655, Train MAE=5.9347, Val MAE=6.8146, Train RMSE=7.1499, Val RMSE=8.3346, LR=0.001000
2026-01-20 12:42:35,882 - INFO - Epoch 17: Train Loss=40.5390, Val Loss=56.9754, Train MAE=5.2917, Val MAE=5.8061, Train RMSE=6.3670, Val RMSE=7.5482, LR=0.001000
2026-01-20 12:42:45,033 - INFO - Epoch 18: Train Loss=37.6249, Val Loss=44.7657, Train MAE=5.0585, Val MAE=5.0636, Train RMSE=6.1339, Val RMSE=6.6907, LR=0.001000
2026-01-20 12:42:54,187 - INFO - Epoch 19: Train Loss=38.0001, Val Loss=44.0280, Train MAE=5.1068, Val MAE=4.8290, Train RMSE=6.1644, Val RMSE=6.6354, LR=0.001000
2026-01-20 12:43:03,342 - INFO - Epoch 20: Train Loss=33.0091, Val Loss=54.8584, Train MAE=4.5982, Val MAE=5.8523, Train RMSE=5.7454, Val RMSE=7.4066, LR=0.001000
2026-01-20 12:43:12,494 - INFO - Epoch 21: Train Loss=57.4349, Val Loss=37.8688, Train MAE=6.1561, Val MAE=4.8709, Train RMSE=7.5786, Val RMSE=6.1538, LR=0.001000
2026-01-20 12:43:21,648 - INFO - Epoch 22: Train Loss=37.8651, Val Loss=54.7275, Train MAE=5.1874, Val MAE=5.0020, Train RMSE=6.1535, Val RMSE=7.3978, LR=0.001000
2026-01-20 12:43:30,800 - INFO - Epoch 23: Train Loss=30.7996, Val Loss=108.1600, Train MAE=4.3438, Val MAE=8.9254, Train RMSE=5.5497, Val RMSE=10.4000, LR=0.001000
2026-01-20 12:43:39,949 - INFO - Epoch 24: Train Loss=21.7940, Val Loss=40.9284, Train MAE=3.6461, Val MAE=4.7318, Train RMSE=4.6684, Val RMSE=6.3975, LR=0.001000
2026-01-20 12:43:49,093 - INFO - Epoch 25: Train Loss=30.0068, Val Loss=48.5780, Train MAE=4.2909, Val MAE=5.1488, Train RMSE=5.4778, Val RMSE=6.9698, LR=0.001000
2026-01-20 12:43:58,245 - INFO - Epoch 26: Train Loss=24.8227, Val Loss=109.2537, Train MAE=3.9350, Val MAE=8.1064, Train RMSE=4.9822, Val RMSE=10.4524, LR=0.001000
2026-01-20 12:44:07,400 - INFO - Epoch 27: Train Loss=24.4228, Val Loss=139.4840, Train MAE=3.6899, Val MAE=10.4416, Train RMSE=4.9419, Val RMSE=11.8103, LR=0.001000
2026-01-20 12:44:16,543 - INFO - Epoch 28: Train Loss=35.1918, Val Loss=57.7498, Train MAE=4.8630, Val MAE=5.9306, Train RMSE=5.9323, Val RMSE=7.5993, LR=0.001000
2026-01-20 12:44:25,694 - INFO - Epoch 29: Train Loss=19.1308, Val Loss=33.8196, Train MAE=3.6060, Val MAE=4.7229, Train RMSE=4.3739, Val RMSE=5.8155, LR=0.001000
2026-01-20 12:44:34,861 - INFO - Epoch 30: Train Loss=18.7999, Val Loss=58.1271, Train MAE=3.4864, Val MAE=6.0643, Train RMSE=4.3359, Val RMSE=7.6241, LR=0.001000
2026-01-20 12:44:44,020 - INFO - Epoch 31: Train Loss=12.6732, Val Loss=67.3378, Train MAE=2.8108, Val MAE=6.5397, Train RMSE=3.5599, Val RMSE=8.2060, LR=0.001000
2026-01-20 12:44:53,191 - INFO - Epoch 32: Train Loss=21.3014, Val Loss=31.2004, Train MAE=3.6998, Val MAE=4.1920, Train RMSE=4.6153, Val RMSE=5.5857, LR=0.001000
2026-01-20 12:45:02,348 - INFO - Epoch 33: Train Loss=19.3107, Val Loss=74.3452, Train MAE=3.6573, Val MAE=7.1490, Train RMSE=4.3944, Val RMSE=8.6224, LR=0.001000
2026-01-20 12:45:11,499 - INFO - Epoch 34: Train Loss=25.0926, Val Loss=60.5676, Train MAE=3.9058, Val MAE=5.5522, Train RMSE=5.0092, Val RMSE=7.7825, LR=0.001000
2026-01-20 12:45:20,648 - INFO - Epoch 35: Train Loss=17.4067, Val Loss=94.5677, Train MAE=3.2570, Val MAE=7.5814, Train RMSE=4.1721, Val RMSE=9.7246, LR=0.001000
2026-01-20 12:45:29,804 - INFO - Epoch 36: Train Loss=14.2138, Val Loss=82.0577, Train MAE=2.8970, Val MAE=6.5290, Train RMSE=3.7701, Val RMSE=9.0586, LR=0.001000
2026-01-20 12:45:38,968 - INFO - Epoch 37: Train Loss=13.9655, Val Loss=97.9312, Train MAE=3.0406, Val MAE=7.7334, Train RMSE=3.7370, Val RMSE=9.8960, LR=0.001000
2026-01-20 12:45:48,126 - INFO - Epoch 38: Train Loss=15.3501, Val Loss=47.2582, Train MAE=3.1575, Val MAE=5.4321, Train RMSE=3.9179, Val RMSE=6.8745, LR=0.001000
2026-01-20 12:45:57,279 - INFO - Epoch 39: Train Loss=10.8193, Val Loss=60.7997, Train MAE=2.4091, Val MAE=5.7071, Train RMSE=3.2893, Val RMSE=7.7974, LR=0.001000
2026-01-20 12:46:06,440 - INFO - Epoch 40: Train Loss=7.8469, Val Loss=75.9500, Train MAE=2.0700, Val MAE=6.5169, Train RMSE=2.8012, Val RMSE=8.7149, LR=0.001000
2026-01-20 12:46:15,592 - INFO - Epoch 41: Train Loss=11.5044, Val Loss=61.5786, Train MAE=2.6369, Val MAE=5.6240, Train RMSE=3.3918, Val RMSE=7.8472, LR=0.001000
2026-01-20 12:46:24,746 - INFO - Epoch 42: Train Loss=11.6582, Val Loss=79.8674, Train MAE=2.7181, Val MAE=6.8346, Train RMSE=3.4144, Val RMSE=8.9369, LR=0.001000
2026-01-20 12:46:33,906 - INFO - Epoch 43: Train Loss=11.5558, Val Loss=64.7944, Train MAE=2.6544, Val MAE=6.3974, Train RMSE=3.3994, Val RMSE=8.0495, LR=0.001000
2026-01-20 12:46:43,052 - INFO - Epoch 44: Train Loss=11.6540, Val Loss=72.4374, Train MAE=2.6421, Val MAE=6.8641, Train RMSE=3.4138, Val RMSE=8.5110, LR=0.001000
2026-01-20 12:46:52,201 - INFO - Epoch 45: Train Loss=9.5184, Val Loss=71.1193, Train MAE=2.2903, Val MAE=6.2739, Train RMSE=3.0852, Val RMSE=8.4332, LR=0.001000
2026-01-20 12:47:01,356 - INFO - Epoch 46: Train Loss=10.8450, Val Loss=85.4472, Train MAE=2.5635, Val MAE=7.0134, Train RMSE=3.2932, Val RMSE=9.2438, LR=0.001000
2026-01-20 12:47:10,512 - INFO - Epoch 47: Train Loss=8.9348, Val Loss=61.5543, Train MAE=2.2524, Val MAE=6.1787, Train RMSE=2.9891, Val RMSE=7.8457, LR=0.001000
2026-01-20 12:47:19,666 - INFO - Epoch 48: Train Loss=8.6688, Val Loss=89.6704, Train MAE=2.2050, Val MAE=7.2079, Train RMSE=2.9443, Val RMSE=9.4694, LR=0.001000
2026-01-20 12:47:28,820 - INFO - Epoch 49: Train Loss=8.1773, Val Loss=83.8850, Train MAE=2.2354, Val MAE=6.8795, Train RMSE=2.8596, Val RMSE=9.1589, LR=0.001000
2026-01-20 12:47:37,975 - INFO - Epoch 50: Train Loss=8.5481, Val Loss=84.6488, Train MAE=2.2304, Val MAE=7.4299, Train RMSE=2.9237, Val RMSE=9.2005, LR=0.001000
2026-01-20 12:47:47,124 - INFO - Epoch 51: Train Loss=10.0455, Val Loss=76.4085, Train MAE=2.3134, Val MAE=7.1352, Train RMSE=3.1695, Val RMSE=8.7412, LR=0.001000
2026-01-20 12:47:56,277 - INFO - Epoch 52: Train Loss=6.1233, Val Loss=53.6728, Train MAE=1.8322, Val MAE=5.7022, Train RMSE=2.4745, Val RMSE=7.3262, LR=0.001000
2026-01-20 12:48:05,431 - INFO - Epoch 53: Train Loss=7.9811, Val Loss=59.5171, Train MAE=2.0964, Val MAE=5.8741, Train RMSE=2.8251, Val RMSE=7.7147, LR=0.001000
2026-01-20 12:48:14,586 - INFO - Epoch 54: Train Loss=9.1756, Val Loss=54.3115, Train MAE=2.2859, Val MAE=5.4379, Train RMSE=3.0291, Val RMSE=7.3696, LR=0.001000
2026-01-20 12:48:23,738 - INFO - Epoch 55: Train Loss=11.2388, Val Loss=84.4693, Train MAE=2.4421, Val MAE=6.8330, Train RMSE=3.3524, Val RMSE=9.1907, LR=0.001000
2026-01-20 12:48:32,893 - INFO - Epoch 56: Train Loss=4.6494, Val Loss=65.6437, Train MAE=1.7253, Val MAE=6.3639, Train RMSE=2.1563, Val RMSE=8.1021, LR=0.001000
2026-01-20 12:48:42,046 - INFO - Epoch 57: Train Loss=4.8166, Val Loss=62.2191, Train MAE=1.7177, Val MAE=6.0839, Train RMSE=2.1947, Val RMSE=7.8879, LR=0.001000
2026-01-20 12:48:51,196 - INFO - Epoch 58: Train Loss=5.6808, Val Loss=67.0536, Train MAE=1.8492, Val MAE=6.3221, Train RMSE=2.3835, Val RMSE=8.1886, LR=0.001000
2026-01-20 12:49:00,351 - INFO - Epoch 59: Train Loss=6.8149, Val Loss=79.6387, Train MAE=1.9754, Val MAE=6.9452, Train RMSE=2.6105, Val RMSE=8.9241, LR=0.001000
2026-01-20 12:49:09,508 - INFO - Epoch 60: Train Loss=6.0758, Val Loss=81.8286, Train MAE=1.9017, Val MAE=7.2710, Train RMSE=2.4649, Val RMSE=9.0459, LR=0.001000
2026-01-20 12:49:18,657 - INFO - Epoch 61: Train Loss=6.4420, Val Loss=101.6640, Train MAE=1.9586, Val MAE=7.8520, Train RMSE=2.5381, Val RMSE=10.0829, LR=0.001000
2026-01-20 12:49:27,812 - INFO - Epoch 62: Train Loss=4.1430, Val Loss=88.0586, Train MAE=1.4512, Val MAE=7.3052, Train RMSE=2.0354, Val RMSE=9.3840, LR=0.001000
2026-01-20 12:49:36,959 - INFO - Epoch 63: Train Loss=6.0266, Val Loss=56.7692, Train MAE=1.5933, Val MAE=6.0359, Train RMSE=2.4549, Val RMSE=7.5345, LR=0.000500
2026-01-20 12:49:46,109 - INFO - Epoch 64: Train Loss=3.6798, Val Loss=66.9810, Train MAE=1.4715, Val MAE=6.3851, Train RMSE=1.9183, Val RMSE=8.1842, LR=0.000500
2026-01-20 12:49:55,271 - INFO - Epoch 65: Train Loss=7.9755, Val Loss=69.1519, Train MAE=1.9974, Val MAE=6.5272, Train RMSE=2.8241, Val RMSE=8.3158, LR=0.000500
2026-01-20 12:50:04,431 - INFO - Epoch 66: Train Loss=4.6602, Val Loss=74.2237, Train MAE=1.5324, Val MAE=6.6964, Train RMSE=2.1587, Val RMSE=8.6153, LR=0.000500
2026-01-20 12:50:13,588 - INFO - Epoch 67: Train Loss=3.7237, Val Loss=84.5860, Train MAE=1.4314, Val MAE=7.0903, Train RMSE=1.9297, Val RMSE=9.1971, LR=0.000500
2026-01-20 12:50:22,743 - INFO - Epoch 68: Train Loss=3.8941, Val Loss=74.4108, Train MAE=1.2494, Val MAE=6.6183, Train RMSE=1.9734, Val RMSE=8.6262, LR=0.000500
2026-01-20 12:50:31,895 - INFO - Epoch 69: Train Loss=4.6195, Val Loss=76.9229, Train MAE=1.5060, Val MAE=7.0090, Train RMSE=2.1493, Val RMSE=8.7706, LR=0.000500
2026-01-20 12:50:41,045 - INFO - Epoch 70: Train Loss=5.0324, Val Loss=78.0648, Train MAE=1.3715, Val MAE=7.0542, Train RMSE=2.2433, Val RMSE=8.8354, LR=0.000500
2026-01-20 12:50:50,195 - INFO - Epoch 71: Train Loss=3.8726, Val Loss=72.5549, Train MAE=1.3996, Val MAE=6.7128, Train RMSE=1.9679, Val RMSE=8.5179, LR=0.000500
2026-01-20 12:50:59,363 - INFO - Epoch 72: Train Loss=3.5382, Val Loss=75.3381, Train MAE=1.2818, Val MAE=6.7095, Train RMSE=1.8810, Val RMSE=8.6798, LR=0.000500
2026-01-20 12:51:08,527 - INFO - Epoch 73: Train Loss=3.4224, Val Loss=75.7402, Train MAE=1.2667, Val MAE=6.6534, Train RMSE=1.8500, Val RMSE=8.7029, LR=0.000500
2026-01-20 12:51:17,696 - INFO - Epoch 74: Train Loss=3.4711, Val Loss=87.4250, Train MAE=1.2860, Val MAE=7.1705, Train RMSE=1.8631, Val RMSE=9.3501, LR=0.000500
2026-01-20 12:51:26,842 - INFO - Epoch 75: Train Loss=3.5117, Val Loss=87.6536, Train MAE=1.2646, Val MAE=7.0524, Train RMSE=1.8740, Val RMSE=9.3623, LR=0.000500
2026-01-20 12:51:36,004 - INFO - Epoch 76: Train Loss=3.3181, Val Loss=86.4527, Train MAE=1.3009, Val MAE=7.0825, Train RMSE=1.8216, Val RMSE=9.2980, LR=0.000500
2026-01-20 12:51:45,167 - INFO - Epoch 77: Train Loss=3.8354, Val Loss=97.3042, Train MAE=1.2613, Val MAE=7.3726, Train RMSE=1.9584, Val RMSE=9.8643, LR=0.000500
2026-01-20 12:51:54,316 - INFO - Epoch 78: Train Loss=2.9616, Val Loss=93.0396, Train MAE=1.2687, Val MAE=7.4186, Train RMSE=1.7209, Val RMSE=9.6457, LR=0.000500
2026-01-20 12:52:03,479 - INFO - Epoch 79: Train Loss=3.4888, Val Loss=91.9490, Train MAE=1.3171, Val MAE=7.1336, Train RMSE=1.8678, Val RMSE=9.5890, LR=0.000500
2026-01-20 12:52:12,646 - INFO - Epoch 80: Train Loss=4.3270, Val Loss=94.7747, Train MAE=1.2619, Val MAE=7.2363, Train RMSE=2.0801, Val RMSE=9.7352, LR=0.000500
2026-01-20 12:52:21,803 - INFO - Epoch 81: Train Loss=3.4575, Val Loss=92.0339, Train MAE=1.1596, Val MAE=7.1674, Train RMSE=1.8594, Val RMSE=9.5934, LR=0.000500
2026-01-20 12:52:30,961 - INFO - Epoch 82: Train Loss=3.1837, Val Loss=97.5175, Train MAE=1.1970, Val MAE=7.4091, Train RMSE=1.7843, Val RMSE=9.8751, LR=0.000500
2026-01-20 12:52:40,123 - INFO - Epoch 83: Train Loss=3.2936, Val Loss=99.9175, Train MAE=1.3136, Val MAE=7.3548, Train RMSE=1.8148, Val RMSE=9.9959, LR=0.000500
2026-01-20 12:52:49,280 - INFO - Epoch 84: Train Loss=2.9529, Val Loss=98.9833, Train MAE=1.2080, Val MAE=7.5248, Train RMSE=1.7184, Val RMSE=9.9490, LR=0.000500
2026-01-20 12:52:58,431 - INFO - Epoch 85: Train Loss=5.7327, Val Loss=101.1877, Train MAE=1.5919, Val MAE=7.2654, Train RMSE=2.3943, Val RMSE=10.0592, LR=0.000500
2026-01-20 12:53:07,588 - INFO - Epoch 86: Train Loss=2.3931, Val Loss=102.2815, Train MAE=1.1007, Val MAE=7.4855, Train RMSE=1.5470, Val RMSE=10.1134, LR=0.000500
2026-01-20 12:53:16,743 - INFO - Epoch 87: Train Loss=3.3307, Val Loss=91.6920, Train MAE=1.2283, Val MAE=7.1815, Train RMSE=1.8250, Val RMSE=9.5756, LR=0.000500
2026-01-20 12:53:25,903 - INFO - Epoch 88: Train Loss=4.3731, Val Loss=88.9917, Train MAE=1.3483, Val MAE=7.0875, Train RMSE=2.0912, Val RMSE=9.4335, LR=0.000500
2026-01-20 12:53:35,066 - INFO - Epoch 89: Train Loss=3.5901, Val Loss=99.6150, Train MAE=1.2685, Val MAE=7.6088, Train RMSE=1.8948, Val RMSE=9.9807, LR=0.000500
2026-01-20 12:53:44,222 - INFO - Epoch 90: Train Loss=6.2463, Val Loss=92.8332, Train MAE=1.4732, Val MAE=7.1490, Train RMSE=2.4993, Val RMSE=9.6350, LR=0.000500
2026-01-20 12:53:53,380 - INFO - Epoch 91: Train Loss=3.4867, Val Loss=97.7743, Train MAE=1.2076, Val MAE=7.7405, Train RMSE=1.8673, Val RMSE=9.8881, LR=0.000500
2026-01-20 12:54:02,535 - INFO - Epoch 92: Train Loss=2.0768, Val Loss=91.1558, Train MAE=0.9731, Val MAE=7.1244, Train RMSE=1.4411, Val RMSE=9.5476, LR=0.000500
2026-01-20 12:54:11,691 - INFO - Epoch 93: Train Loss=4.2866, Val Loss=99.8561, Train MAE=1.2822, Val MAE=7.5867, Train RMSE=2.0704, Val RMSE=9.9928, LR=0.000500
2026-01-20 12:54:20,839 - INFO - Epoch 94: Train Loss=2.7104, Val Loss=95.6443, Train MAE=1.0843, Val MAE=7.4598, Train RMSE=1.6463, Val RMSE=9.7798, LR=0.000250
2026-01-20 12:54:29,994 - INFO - Epoch 95: Train Loss=3.7323, Val Loss=98.4579, Train MAE=1.3038, Val MAE=7.4304, Train RMSE=1.9319, Val RMSE=9.9226, LR=0.000250
2026-01-20 12:54:39,149 - INFO - Epoch 96: Train Loss=3.8331, Val Loss=92.7808, Train MAE=1.2371, Val MAE=7.2833, Train RMSE=1.9578, Val RMSE=9.6323, LR=0.000250
2026-01-20 12:54:48,308 - INFO - Epoch 97: Train Loss=2.6112, Val Loss=95.0361, Train MAE=1.0243, Val MAE=7.2500, Train RMSE=1.6159, Val RMSE=9.7486, LR=0.000250
2026-01-20 12:54:57,450 - INFO - Epoch 98: Train Loss=2.2253, Val Loss=98.1899, Train MAE=0.8512, Val MAE=7.4524, Train RMSE=1.4918, Val RMSE=9.9091, LR=0.000250
2026-01-20 12:55:06,625 - INFO - Epoch 99: Train Loss=3.8987, Val Loss=96.2426, Train MAE=1.1850, Val MAE=7.4445, Train RMSE=1.9745, Val RMSE=9.8103, LR=0.000250
2026-01-20 12:55:15,791 - INFO - Epoch 100: Train Loss=2.6651, Val Loss=100.0468, Train MAE=0.9941, Val MAE=7.5917, Train RMSE=1.6325, Val RMSE=10.0023, LR=0.000250
2026-01-20 12:55:15,802 - INFO - 已加载最佳模型
2026-01-20 12:55:16,163 - INFO - 第 5 折结果 - Val Loss: 31.2004, MAE: 4.1920, RMSE: 5.5857
2026-01-20 12:55:16,163 - INFO - 
===== K折交叉验证结果 =====
2026-01-20 12:55:16,163 - INFO - 平均验证损失: 43.1985
2026-01-20 12:55:16,163 - INFO - 平均验证MAE: 5.3748
2026-01-20 12:55:16,163 - INFO - 平均验证RMSE: 6.5006
2026-01-20 12:55:16,741 - INFO - 训练历史已保存到: logs\PPGFormer_ppg_regression_Anxiety_100ep_20260120_113856\training_history.json
2026-01-20 14:46:09,907 - INFO - 测试结果 - Loss: 47.5619, MAE: 5.1125, RMSE: 6.8965
